mode: set
github.com/aequo-labs/forgexml-scap/cmd/ui/internal/state/xml_state.go:101.46,105.2 1 1
github.com/aequo-labs/forgexml-scap/cmd/ui/internal/state/xml_state.go:108.60,110.16 2 1
github.com/aequo-labs/forgexml-scap/cmd/ui/internal/state/xml_state.go:110.16,112.3 1 1
github.com/aequo-labs/forgexml-scap/cmd/ui/internal/state/xml_state.go:113.2,113.39 1 1
github.com/aequo-labs/forgexml-scap/cmd/ui/internal/state/xml_state.go:117.68,119.6 2 1
github.com/aequo-labs/forgexml-scap/cmd/ui/internal/state/xml_state.go:119.6,121.17 2 1
github.com/aequo-labs/forgexml-scap/cmd/ui/internal/state/xml_state.go:121.17,123.4 1 1
github.com/aequo-labs/forgexml-scap/cmd/ui/internal/state/xml_state.go:124.3,124.52 1 1
github.com/aequo-labs/forgexml-scap/cmd/ui/internal/state/xml_state.go:124.52,126.4 1 1
github.com/aequo-labs/forgexml-scap/cmd/ui/internal/state/xml_state.go:137.81,143.16 4 1
github.com/aequo-labs/forgexml-scap/cmd/ui/internal/state/xml_state.go:143.16,145.3 1 1
github.com/aequo-labs/forgexml-scap/cmd/ui/internal/state/xml_state.go:148.2,149.9 2 1
github.com/aequo-labs/forgexml-scap/cmd/ui/internal/state/xml_state.go:149.9,151.3 1 1
github.com/aequo-labs/forgexml-scap/cmd/ui/internal/state/xml_state.go:154.2,154.16 1 1
github.com/aequo-labs/forgexml-scap/cmd/ui/internal/state/xml_state.go:155.24,157.55 2 1
github.com/aequo-labs/forgexml-scap/cmd/ui/internal/state/xml_state.go:157.55,159.4 1 0
github.com/aequo-labs/forgexml-scap/cmd/ui/internal/state/xml_state.go:160.3,166.13 7 1
github.com/aequo-labs/forgexml-scap/cmd/ui/internal/state/xml_state.go:167.10,168.55 1 0
github.com/aequo-labs/forgexml-scap/cmd/ui/internal/state/xml_state.go:173.68,177.26 3 1
github.com/aequo-labs/forgexml-scap/cmd/ui/internal/state/xml_state.go:177.26,179.3 1 1
github.com/aequo-labs/forgexml-scap/cmd/ui/internal/state/xml_state.go:181.2,182.16 2 1
github.com/aequo-labs/forgexml-scap/cmd/ui/internal/state/xml_state.go:182.16,184.3 1 0
github.com/aequo-labs/forgexml-scap/cmd/ui/internal/state/xml_state.go:187.2,190.20 3 1
github.com/aequo-labs/forgexml-scap/cmd/ui/internal/state/xml_state.go:190.20,192.3 1 1
github.com/aequo-labs/forgexml-scap/cmd/ui/internal/state/xml_state.go:194.2,194.34 1 1
github.com/aequo-labs/forgexml-scap/cmd/ui/internal/state/xml_state.go:198.63,202.26 3 1
github.com/aequo-labs/forgexml-scap/cmd/ui/internal/state/xml_state.go:202.26,204.3 1 1
github.com/aequo-labs/forgexml-scap/cmd/ui/internal/state/xml_state.go:206.2,216.8 1 1
github.com/aequo-labs/forgexml-scap/cmd/ui/internal/state/xml_state.go:220.75,224.26 3 1
github.com/aequo-labs/forgexml-scap/cmd/ui/internal/state/xml_state.go:224.26,226.3 1 1
github.com/aequo-labs/forgexml-scap/cmd/ui/internal/state/xml_state.go:229.2,229.17 1 1
github.com/aequo-labs/forgexml-scap/cmd/ui/internal/state/xml_state.go:229.17,231.3 1 1
github.com/aequo-labs/forgexml-scap/cmd/ui/internal/state/xml_state.go:234.2,234.36 1 1
github.com/aequo-labs/forgexml-scap/cmd/ui/internal/state/xml_state.go:238.68,241.38 2 1
github.com/aequo-labs/forgexml-scap/cmd/ui/internal/state/xml_state.go:242.37,252.5 2 1
github.com/aequo-labs/forgexml-scap/cmd/ui/internal/state/xml_state.go:255.2,255.19 1 1
github.com/aequo-labs/forgexml-scap/cmd/ui/internal/state/xml_state.go:259.81,264.21 3 1
github.com/aequo-labs/forgexml-scap/cmd/ui/internal/state/xml_state.go:264.21,266.3 1 1
github.com/aequo-labs/forgexml-scap/cmd/ui/internal/state/xml_state.go:269.2,269.21 1 1
github.com/aequo-labs/forgexml-scap/cmd/ui/internal/state/xml_state.go:269.21,271.3 1 1
github.com/aequo-labs/forgexml-scap/cmd/ui/internal/state/xml_state.go:275.2,275.19 1 1
github.com/aequo-labs/forgexml-scap/cmd/ui/internal/state/xml_state.go:279.85,282.38 2 1
github.com/aequo-labs/forgexml-scap/cmd/ui/internal/state/xml_state.go:283.37,285.26 2 1
github.com/aequo-labs/forgexml-scap/cmd/ui/internal/state/xml_state.go:285.26,287.42 1 1
github.com/aequo-labs/forgexml-scap/cmd/ui/internal/state/xml_state.go:287.42,296.5 1 0
github.com/aequo-labs/forgexml-scap/cmd/ui/internal/state/xml_state.go:297.4,297.45 1 0
github.com/aequo-labs/forgexml-scap/cmd/ui/internal/state/xml_state.go:297.45,306.5 1 0
github.com/aequo-labs/forgexml-scap/cmd/ui/internal/state/xml_state.go:308.4,325.21 3 0
github.com/aequo-labs/forgexml-scap/cmd/ui/internal/state/xml_state.go:329.2,329.19 1 1
github.com/aequo-labs/forgexml-scap/cmd/ui/internal/state/xml_state.go:333.77,337.26 3 1
github.com/aequo-labs/forgexml-scap/cmd/ui/internal/state/xml_state.go:337.26,339.3 1 1
github.com/aequo-labs/forgexml-scap/cmd/ui/internal/state/xml_state.go:341.2,341.17 1 1
github.com/aequo-labs/forgexml-scap/cmd/ui/internal/state/xml_state.go:341.17,343.3 1 1
github.com/aequo-labs/forgexml-scap/cmd/ui/internal/state/xml_state.go:345.2,345.33 1 1
github.com/aequo-labs/forgexml-scap/cmd/ui/internal/state/xml_state.go:349.77,352.38 2 1
github.com/aequo-labs/forgexml-scap/cmd/ui/internal/state/xml_state.go:353.37,354.11 1 1
github.com/aequo-labs/forgexml-scap/cmd/ui/internal/state/xml_state.go:357.2,362.8 1 1
github.com/aequo-labs/forgexml-scap/cmd/ui/internal/state/xml_state.go:366.83,370.21 2 1
github.com/aequo-labs/forgexml-scap/cmd/ui/internal/state/xml_state.go:370.21,372.3 1 1
github.com/aequo-labs/forgexml-scap/cmd/ui/internal/state/xml_state.go:375.2,375.21 1 1
github.com/aequo-labs/forgexml-scap/cmd/ui/internal/state/xml_state.go:375.21,377.3 1 1
github.com/aequo-labs/forgexml-scap/cmd/ui/internal/state/xml_state.go:380.2,385.8 1 1
github.com/aequo-labs/forgexml-scap/cmd/ui/internal/state/xml_state.go:389.38,390.31 1 1
github.com/aequo-labs/forgexml-scap/cmd/ui/internal/state/xml_state.go:390.31,392.3 1 1
github.com/aequo-labs/forgexml-scap/cmd/ui/internal/state/xml_state.go:394.2,394.20 1 1
github.com/aequo-labs/forgexml-scap/cmd/ui/internal/state/xml_state.go:394.20,396.3 1 1
github.com/aequo-labs/forgexml-scap/cmd/ui/internal/state/xml_state.go:398.2,399.59 2 1
github.com/aequo-labs/forgexml-scap/cmd/ui/internal/state/xml_state.go:399.59,400.17 1 1
github.com/aequo-labs/forgexml-scap/cmd/ui/internal/state/xml_state.go:400.17,402.4 1 1
github.com/aequo-labs/forgexml-scap/cmd/ui/internal/state/xml_state.go:404.2,404.14 1 1
github.com/aequo-labs/forgexml-scap/cmd/ui/internal/state/xml_state.go:408.87,412.38 3 1
github.com/aequo-labs/forgexml-scap/cmd/ui/internal/state/xml_state.go:413.37,415.15 2 1
github.com/aequo-labs/forgexml-scap/cmd/ui/internal/state/xml_state.go:416.20,419.26 3 1
github.com/aequo-labs/forgexml-scap/cmd/ui/internal/state/xml_state.go:423.2,423.20 1 1
github.com/aequo-labs/forgexml-scap/cmd/ui/internal/state/xml_state.go:423.20,425.3 1 0
github.com/aequo-labs/forgexml-scap/cmd/ui/internal/state/xml_state.go:427.2,432.8 1 1
github.com/aequo-labs/forgexml-scap/cmd/ui/internal/state/xml_state.go:436.87,442.2 3 1
github.com/aequo-labs/forgexml-scap/cmd/ui/internal/state/xml_state.go:445.109,450.43 3 1
github.com/aequo-labs/forgexml-scap/cmd/ui/internal/state/xml_state.go:450.43,452.3 1 1
github.com/aequo-labs/forgexml-scap/cmd/ui/internal/state/xml_state.go:455.2,455.57 1 0
github.com/aequo-labs/forgexml-scap/cmd/ui/internal/state/xml_state.go:459.101,460.18 1 1
github.com/aequo-labs/forgexml-scap/cmd/ui/internal/state/xml_state.go:461.21,463.44 2 1
github.com/aequo-labs/forgexml-scap/cmd/ui/internal/state/xml_state.go:463.44,464.57 1 1
github.com/aequo-labs/forgexml-scap/cmd/ui/internal/state/xml_state.go:464.57,466.5 1 1
github.com/aequo-labs/forgexml-scap/cmd/ui/internal/state/xml_state.go:468.3,473.18 6 1
github.com/aequo-labs/forgexml-scap/cmd/ui/internal/state/xml_state.go:474.24,476.44 2 1
github.com/aequo-labs/forgexml-scap/cmd/ui/internal/state/xml_state.go:476.44,477.57 1 0
github.com/aequo-labs/forgexml-scap/cmd/ui/internal/state/xml_state.go:477.57,479.5 1 0
github.com/aequo-labs/forgexml-scap/cmd/ui/internal/state/xml_state.go:481.3,486.18 6 1
github.com/aequo-labs/forgexml-scap/cmd/ui/internal/state/xml_state.go:487.31,489.44 2 1
github.com/aequo-labs/forgexml-scap/cmd/ui/internal/state/xml_state.go:489.44,490.57 1 0
github.com/aequo-labs/forgexml-scap/cmd/ui/internal/state/xml_state.go:490.57,492.5 1 0
github.com/aequo-labs/forgexml-scap/cmd/ui/internal/state/xml_state.go:494.3,499.18 6 1
github.com/aequo-labs/forgexml-scap/cmd/ui/internal/state/xml_state.go:500.28,502.44 2 1
github.com/aequo-labs/forgexml-scap/cmd/ui/internal/state/xml_state.go:502.44,503.57 1 0
github.com/aequo-labs/forgexml-scap/cmd/ui/internal/state/xml_state.go:503.57,505.5 1 0
github.com/aequo-labs/forgexml-scap/cmd/ui/internal/state/xml_state.go:507.3,512.18 6 1
github.com/aequo-labs/forgexml-scap/cmd/ui/internal/state/xml_state.go:513.38,515.44 2 1
github.com/aequo-labs/forgexml-scap/cmd/ui/internal/state/xml_state.go:515.44,516.57 1 0
github.com/aequo-labs/forgexml-scap/cmd/ui/internal/state/xml_state.go:516.57,518.5 1 0
github.com/aequo-labs/forgexml-scap/cmd/ui/internal/state/xml_state.go:520.3,525.18 6 1
github.com/aequo-labs/forgexml-scap/cmd/ui/internal/state/xml_state.go:526.45,528.44 2 1
github.com/aequo-labs/forgexml-scap/cmd/ui/internal/state/xml_state.go:528.44,529.57 1 0
github.com/aequo-labs/forgexml-scap/cmd/ui/internal/state/xml_state.go:529.57,531.5 1 0
github.com/aequo-labs/forgexml-scap/cmd/ui/internal/state/xml_state.go:533.3,538.18 6 1
github.com/aequo-labs/forgexml-scap/cmd/ui/internal/state/xml_state.go:539.36,541.44 2 1
github.com/aequo-labs/forgexml-scap/cmd/ui/internal/state/xml_state.go:541.44,542.57 1 0
github.com/aequo-labs/forgexml-scap/cmd/ui/internal/state/xml_state.go:542.57,544.5 1 0
github.com/aequo-labs/forgexml-scap/cmd/ui/internal/state/xml_state.go:546.3,551.18 6 1
github.com/aequo-labs/forgexml-scap/cmd/ui/internal/state/xml_state.go:552.28,554.44 2 1
github.com/aequo-labs/forgexml-scap/cmd/ui/internal/state/xml_state.go:554.44,555.57 1 0
github.com/aequo-labs/forgexml-scap/cmd/ui/internal/state/xml_state.go:555.57,557.5 1 0
github.com/aequo-labs/forgexml-scap/cmd/ui/internal/state/xml_state.go:559.3,564.18 6 1
github.com/aequo-labs/forgexml-scap/cmd/ui/internal/state/xml_state.go:565.32,567.44 2 1
github.com/aequo-labs/forgexml-scap/cmd/ui/internal/state/xml_state.go:567.44,568.57 1 0
github.com/aequo-labs/forgexml-scap/cmd/ui/internal/state/xml_state.go:568.57,570.5 1 0
github.com/aequo-labs/forgexml-scap/cmd/ui/internal/state/xml_state.go:572.3,577.18 6 1
github.com/aequo-labs/forgexml-scap/cmd/ui/internal/state/xml_state.go:578.26,580.44 2 1
github.com/aequo-labs/forgexml-scap/cmd/ui/internal/state/xml_state.go:580.44,581.57 1 0
github.com/aequo-labs/forgexml-scap/cmd/ui/internal/state/xml_state.go:581.57,583.5 1 0
github.com/aequo-labs/forgexml-scap/cmd/ui/internal/state/xml_state.go:585.3,590.18 6 1
github.com/aequo-labs/forgexml-scap/cmd/ui/internal/state/xml_state.go:591.46,593.44 2 1
github.com/aequo-labs/forgexml-scap/cmd/ui/internal/state/xml_state.go:593.44,594.57 1 0
github.com/aequo-labs/forgexml-scap/cmd/ui/internal/state/xml_state.go:594.57,596.5 1 0
github.com/aequo-labs/forgexml-scap/cmd/ui/internal/state/xml_state.go:598.3,603.18 6 1
github.com/aequo-labs/forgexml-scap/cmd/ui/internal/state/xml_state.go:604.37,606.44 2 1
github.com/aequo-labs/forgexml-scap/cmd/ui/internal/state/xml_state.go:606.44,607.57 1 0
github.com/aequo-labs/forgexml-scap/cmd/ui/internal/state/xml_state.go:607.57,609.5 1 0
github.com/aequo-labs/forgexml-scap/cmd/ui/internal/state/xml_state.go:611.3,616.18 6 1
github.com/aequo-labs/forgexml-scap/cmd/ui/internal/state/xml_state.go:617.39,619.44 2 1
github.com/aequo-labs/forgexml-scap/cmd/ui/internal/state/xml_state.go:619.44,620.57 1 0
github.com/aequo-labs/forgexml-scap/cmd/ui/internal/state/xml_state.go:620.57,622.5 1 0
github.com/aequo-labs/forgexml-scap/cmd/ui/internal/state/xml_state.go:624.3,629.18 6 1
github.com/aequo-labs/forgexml-scap/cmd/ui/internal/state/xml_state.go:630.35,632.44 2 1
github.com/aequo-labs/forgexml-scap/cmd/ui/internal/state/xml_state.go:632.44,633.57 1 0
github.com/aequo-labs/forgexml-scap/cmd/ui/internal/state/xml_state.go:633.57,635.5 1 0
github.com/aequo-labs/forgexml-scap/cmd/ui/internal/state/xml_state.go:637.3,642.18 6 1
github.com/aequo-labs/forgexml-scap/cmd/ui/internal/state/xml_state.go:643.39,645.44 2 1
github.com/aequo-labs/forgexml-scap/cmd/ui/internal/state/xml_state.go:645.44,646.57 1 0
github.com/aequo-labs/forgexml-scap/cmd/ui/internal/state/xml_state.go:646.57,648.5 1 0
github.com/aequo-labs/forgexml-scap/cmd/ui/internal/state/xml_state.go:650.3,655.18 6 1
github.com/aequo-labs/forgexml-scap/cmd/ui/internal/state/xml_state.go:656.43,658.44 2 1
github.com/aequo-labs/forgexml-scap/cmd/ui/internal/state/xml_state.go:658.44,659.57 1 0
github.com/aequo-labs/forgexml-scap/cmd/ui/internal/state/xml_state.go:659.57,661.5 1 0
github.com/aequo-labs/forgexml-scap/cmd/ui/internal/state/xml_state.go:663.3,668.18 6 1
github.com/aequo-labs/forgexml-scap/cmd/ui/internal/state/xml_state.go:669.22,671.44 2 1
github.com/aequo-labs/forgexml-scap/cmd/ui/internal/state/xml_state.go:671.44,672.57 1 0
github.com/aequo-labs/forgexml-scap/cmd/ui/internal/state/xml_state.go:672.57,674.5 1 0
github.com/aequo-labs/forgexml-scap/cmd/ui/internal/state/xml_state.go:676.3,681.18 6 1
github.com/aequo-labs/forgexml-scap/cmd/ui/internal/state/xml_state.go:682.26,684.44 2 1
github.com/aequo-labs/forgexml-scap/cmd/ui/internal/state/xml_state.go:684.44,685.57 1 0
github.com/aequo-labs/forgexml-scap/cmd/ui/internal/state/xml_state.go:685.57,687.5 1 0
github.com/aequo-labs/forgexml-scap/cmd/ui/internal/state/xml_state.go:689.3,694.18 6 1
github.com/aequo-labs/forgexml-scap/cmd/ui/internal/state/xml_state.go:695.20,697.44 2 1
github.com/aequo-labs/forgexml-scap/cmd/ui/internal/state/xml_state.go:697.44,698.57 1 0
github.com/aequo-labs/forgexml-scap/cmd/ui/internal/state/xml_state.go:698.57,700.5 1 0
github.com/aequo-labs/forgexml-scap/cmd/ui/internal/state/xml_state.go:702.3,707.18 6 1
github.com/aequo-labs/forgexml-scap/cmd/ui/internal/state/xml_state.go:708.17,710.44 2 1
github.com/aequo-labs/forgexml-scap/cmd/ui/internal/state/xml_state.go:710.44,711.57 1 0
github.com/aequo-labs/forgexml-scap/cmd/ui/internal/state/xml_state.go:711.57,713.5 1 0
github.com/aequo-labs/forgexml-scap/cmd/ui/internal/state/xml_state.go:715.3,720.18 6 1
github.com/aequo-labs/forgexml-scap/cmd/ui/internal/state/xml_state.go:721.21,723.44 2 1
github.com/aequo-labs/forgexml-scap/cmd/ui/internal/state/xml_state.go:723.44,724.57 1 0
github.com/aequo-labs/forgexml-scap/cmd/ui/internal/state/xml_state.go:724.57,726.5 1 0
github.com/aequo-labs/forgexml-scap/cmd/ui/internal/state/xml_state.go:728.3,733.18 6 1
github.com/aequo-labs/forgexml-scap/cmd/ui/internal/state/xml_state.go:734.31,736.44 2 1
github.com/aequo-labs/forgexml-scap/cmd/ui/internal/state/xml_state.go:736.44,737.57 1 0
github.com/aequo-labs/forgexml-scap/cmd/ui/internal/state/xml_state.go:737.57,739.5 1 0
github.com/aequo-labs/forgexml-scap/cmd/ui/internal/state/xml_state.go:741.3,746.18 6 1
github.com/aequo-labs/forgexml-scap/cmd/ui/internal/state/xml_state.go:747.32,749.44 2 1
github.com/aequo-labs/forgexml-scap/cmd/ui/internal/state/xml_state.go:749.44,750.57 1 0
github.com/aequo-labs/forgexml-scap/cmd/ui/internal/state/xml_state.go:750.57,752.5 1 0
github.com/aequo-labs/forgexml-scap/cmd/ui/internal/state/xml_state.go:754.3,759.18 6 1
github.com/aequo-labs/forgexml-scap/cmd/ui/internal/state/xml_state.go:760.22,762.44 2 1
github.com/aequo-labs/forgexml-scap/cmd/ui/internal/state/xml_state.go:762.44,763.57 1 0
github.com/aequo-labs/forgexml-scap/cmd/ui/internal/state/xml_state.go:763.57,765.5 1 0
github.com/aequo-labs/forgexml-scap/cmd/ui/internal/state/xml_state.go:767.3,772.18 6 1
github.com/aequo-labs/forgexml-scap/cmd/ui/internal/state/xml_state.go:773.26,775.44 2 1
github.com/aequo-labs/forgexml-scap/cmd/ui/internal/state/xml_state.go:775.44,776.57 1 0
github.com/aequo-labs/forgexml-scap/cmd/ui/internal/state/xml_state.go:776.57,778.5 1 0
github.com/aequo-labs/forgexml-scap/cmd/ui/internal/state/xml_state.go:780.3,785.18 6 1
github.com/aequo-labs/forgexml-scap/cmd/ui/internal/state/xml_state.go:786.33,788.44 2 1
github.com/aequo-labs/forgexml-scap/cmd/ui/internal/state/xml_state.go:788.44,789.57 1 0
github.com/aequo-labs/forgexml-scap/cmd/ui/internal/state/xml_state.go:789.57,791.5 1 0
github.com/aequo-labs/forgexml-scap/cmd/ui/internal/state/xml_state.go:793.3,798.18 6 1
github.com/aequo-labs/forgexml-scap/cmd/ui/internal/state/xml_state.go:799.29,801.44 2 1
github.com/aequo-labs/forgexml-scap/cmd/ui/internal/state/xml_state.go:801.44,802.57 1 0
github.com/aequo-labs/forgexml-scap/cmd/ui/internal/state/xml_state.go:802.57,804.5 1 0
github.com/aequo-labs/forgexml-scap/cmd/ui/internal/state/xml_state.go:806.3,811.18 6 1
github.com/aequo-labs/forgexml-scap/cmd/ui/internal/state/xml_state.go:812.38,814.44 2 1
github.com/aequo-labs/forgexml-scap/cmd/ui/internal/state/xml_state.go:814.44,815.57 1 0
github.com/aequo-labs/forgexml-scap/cmd/ui/internal/state/xml_state.go:815.57,817.5 1 0
github.com/aequo-labs/forgexml-scap/cmd/ui/internal/state/xml_state.go:819.3,824.18 6 1
github.com/aequo-labs/forgexml-scap/cmd/ui/internal/state/xml_state.go:825.42,827.44 2 1
github.com/aequo-labs/forgexml-scap/cmd/ui/internal/state/xml_state.go:827.44,828.57 1 0
github.com/aequo-labs/forgexml-scap/cmd/ui/internal/state/xml_state.go:828.57,830.5 1 0
github.com/aequo-labs/forgexml-scap/cmd/ui/internal/state/xml_state.go:832.3,837.18 6 1
github.com/aequo-labs/forgexml-scap/cmd/ui/internal/state/xml_state.go:838.23,840.44 2 1
github.com/aequo-labs/forgexml-scap/cmd/ui/internal/state/xml_state.go:840.44,841.57 1 0
github.com/aequo-labs/forgexml-scap/cmd/ui/internal/state/xml_state.go:841.57,843.5 1 0
github.com/aequo-labs/forgexml-scap/cmd/ui/internal/state/xml_state.go:845.3,850.18 6 1
github.com/aequo-labs/forgexml-scap/cmd/ui/internal/state/xml_state.go:851.27,853.44 2 1
github.com/aequo-labs/forgexml-scap/cmd/ui/internal/state/xml_state.go:853.44,854.57 1 0
github.com/aequo-labs/forgexml-scap/cmd/ui/internal/state/xml_state.go:854.57,856.5 1 0
github.com/aequo-labs/forgexml-scap/cmd/ui/internal/state/xml_state.go:858.3,863.18 6 1
github.com/aequo-labs/forgexml-scap/cmd/ui/internal/state/xml_state.go:864.20,866.44 2 1
github.com/aequo-labs/forgexml-scap/cmd/ui/internal/state/xml_state.go:866.44,867.57 1 0
github.com/aequo-labs/forgexml-scap/cmd/ui/internal/state/xml_state.go:867.57,869.5 1 0
github.com/aequo-labs/forgexml-scap/cmd/ui/internal/state/xml_state.go:871.3,876.18 6 1
github.com/aequo-labs/forgexml-scap/cmd/ui/internal/state/xml_state.go:877.28,879.44 2 1
github.com/aequo-labs/forgexml-scap/cmd/ui/internal/state/xml_state.go:879.44,880.57 1 0
github.com/aequo-labs/forgexml-scap/cmd/ui/internal/state/xml_state.go:880.57,882.5 1 0
github.com/aequo-labs/forgexml-scap/cmd/ui/internal/state/xml_state.go:884.3,889.18 6 1
github.com/aequo-labs/forgexml-scap/cmd/ui/internal/state/xml_state.go:890.27,892.44 2 1
github.com/aequo-labs/forgexml-scap/cmd/ui/internal/state/xml_state.go:892.44,893.57 1 0
github.com/aequo-labs/forgexml-scap/cmd/ui/internal/state/xml_state.go:893.57,895.5 1 0
github.com/aequo-labs/forgexml-scap/cmd/ui/internal/state/xml_state.go:897.3,902.18 6 1
github.com/aequo-labs/forgexml-scap/cmd/ui/internal/state/xml_state.go:903.26,905.44 2 1
github.com/aequo-labs/forgexml-scap/cmd/ui/internal/state/xml_state.go:905.44,906.57 1 0
github.com/aequo-labs/forgexml-scap/cmd/ui/internal/state/xml_state.go:906.57,908.5 1 0
github.com/aequo-labs/forgexml-scap/cmd/ui/internal/state/xml_state.go:910.3,915.18 6 1
github.com/aequo-labs/forgexml-scap/cmd/ui/internal/state/xml_state.go:916.30,918.44 2 1
github.com/aequo-labs/forgexml-scap/cmd/ui/internal/state/xml_state.go:918.44,919.57 1 0
github.com/aequo-labs/forgexml-scap/cmd/ui/internal/state/xml_state.go:919.57,921.5 1 0
github.com/aequo-labs/forgexml-scap/cmd/ui/internal/state/xml_state.go:923.3,928.18 6 1
github.com/aequo-labs/forgexml-scap/cmd/ui/internal/state/xml_state.go:929.25,931.44 2 1
github.com/aequo-labs/forgexml-scap/cmd/ui/internal/state/xml_state.go:931.44,932.57 1 0
github.com/aequo-labs/forgexml-scap/cmd/ui/internal/state/xml_state.go:932.57,934.5 1 0
github.com/aequo-labs/forgexml-scap/cmd/ui/internal/state/xml_state.go:936.3,941.18 6 1
github.com/aequo-labs/forgexml-scap/cmd/ui/internal/state/xml_state.go:942.32,944.44 2 1
github.com/aequo-labs/forgexml-scap/cmd/ui/internal/state/xml_state.go:944.44,945.57 1 0
github.com/aequo-labs/forgexml-scap/cmd/ui/internal/state/xml_state.go:945.57,947.5 1 0
github.com/aequo-labs/forgexml-scap/cmd/ui/internal/state/xml_state.go:949.3,954.18 6 1
github.com/aequo-labs/forgexml-scap/cmd/ui/internal/state/xml_state.go:955.30,957.44 2 1
github.com/aequo-labs/forgexml-scap/cmd/ui/internal/state/xml_state.go:957.44,958.57 1 0
github.com/aequo-labs/forgexml-scap/cmd/ui/internal/state/xml_state.go:958.57,960.5 1 0
github.com/aequo-labs/forgexml-scap/cmd/ui/internal/state/xml_state.go:962.3,967.18 6 1
github.com/aequo-labs/forgexml-scap/cmd/ui/internal/state/xml_state.go:968.26,970.44 2 1
github.com/aequo-labs/forgexml-scap/cmd/ui/internal/state/xml_state.go:970.44,971.57 1 0
github.com/aequo-labs/forgexml-scap/cmd/ui/internal/state/xml_state.go:971.57,973.5 1 0
github.com/aequo-labs/forgexml-scap/cmd/ui/internal/state/xml_state.go:975.3,980.18 6 1
github.com/aequo-labs/forgexml-scap/cmd/ui/internal/state/xml_state.go:981.23,983.44 2 1
github.com/aequo-labs/forgexml-scap/cmd/ui/internal/state/xml_state.go:983.44,984.57 1 0
github.com/aequo-labs/forgexml-scap/cmd/ui/internal/state/xml_state.go:984.57,986.5 1 0
github.com/aequo-labs/forgexml-scap/cmd/ui/internal/state/xml_state.go:988.3,993.18 6 1
github.com/aequo-labs/forgexml-scap/cmd/ui/internal/state/xml_state.go:994.39,996.44 2 1
github.com/aequo-labs/forgexml-scap/cmd/ui/internal/state/xml_state.go:996.44,997.57 1 0
github.com/aequo-labs/forgexml-scap/cmd/ui/internal/state/xml_state.go:997.57,999.5 1 0
github.com/aequo-labs/forgexml-scap/cmd/ui/internal/state/xml_state.go:1001.3,1006.18 6 1
github.com/aequo-labs/forgexml-scap/cmd/ui/internal/state/xml_state.go:1007.36,1009.44 2 1
github.com/aequo-labs/forgexml-scap/cmd/ui/internal/state/xml_state.go:1009.44,1010.57 1 0
github.com/aequo-labs/forgexml-scap/cmd/ui/internal/state/xml_state.go:1010.57,1012.5 1 0
github.com/aequo-labs/forgexml-scap/cmd/ui/internal/state/xml_state.go:1014.3,1019.18 6 1
github.com/aequo-labs/forgexml-scap/cmd/ui/internal/state/xml_state.go:1020.28,1022.44 2 1
github.com/aequo-labs/forgexml-scap/cmd/ui/internal/state/xml_state.go:1022.44,1023.57 1 0
github.com/aequo-labs/forgexml-scap/cmd/ui/internal/state/xml_state.go:1023.57,1025.5 1 0
github.com/aequo-labs/forgexml-scap/cmd/ui/internal/state/xml_state.go:1027.3,1032.18 6 1
github.com/aequo-labs/forgexml-scap/cmd/ui/internal/state/xml_state.go:1033.29,1035.44 2 1
github.com/aequo-labs/forgexml-scap/cmd/ui/internal/state/xml_state.go:1035.44,1036.57 1 0
github.com/aequo-labs/forgexml-scap/cmd/ui/internal/state/xml_state.go:1036.57,1038.5 1 0
github.com/aequo-labs/forgexml-scap/cmd/ui/internal/state/xml_state.go:1040.3,1045.18 6 1
github.com/aequo-labs/forgexml-scap/cmd/ui/internal/state/xml_state.go:1046.26,1048.44 2 1
github.com/aequo-labs/forgexml-scap/cmd/ui/internal/state/xml_state.go:1048.44,1049.57 1 0
github.com/aequo-labs/forgexml-scap/cmd/ui/internal/state/xml_state.go:1049.57,1051.5 1 0
github.com/aequo-labs/forgexml-scap/cmd/ui/internal/state/xml_state.go:1053.3,1058.18 6 1
github.com/aequo-labs/forgexml-scap/cmd/ui/internal/state/xml_state.go:1059.26,1061.44 2 1
github.com/aequo-labs/forgexml-scap/cmd/ui/internal/state/xml_state.go:1061.44,1062.57 1 0
github.com/aequo-labs/forgexml-scap/cmd/ui/internal/state/xml_state.go:1062.57,1064.5 1 0
github.com/aequo-labs/forgexml-scap/cmd/ui/internal/state/xml_state.go:1066.3,1071.18 6 1
github.com/aequo-labs/forgexml-scap/cmd/ui/internal/state/xml_state.go:1072.25,1074.44 2 1
github.com/aequo-labs/forgexml-scap/cmd/ui/internal/state/xml_state.go:1074.44,1075.57 1 0
github.com/aequo-labs/forgexml-scap/cmd/ui/internal/state/xml_state.go:1075.57,1077.5 1 0
github.com/aequo-labs/forgexml-scap/cmd/ui/internal/state/xml_state.go:1079.3,1084.18 6 1
github.com/aequo-labs/forgexml-scap/cmd/ui/internal/state/xml_state.go:1085.25,1087.44 2 1
github.com/aequo-labs/forgexml-scap/cmd/ui/internal/state/xml_state.go:1087.44,1088.57 1 0
github.com/aequo-labs/forgexml-scap/cmd/ui/internal/state/xml_state.go:1088.57,1090.5 1 0
github.com/aequo-labs/forgexml-scap/cmd/ui/internal/state/xml_state.go:1092.3,1097.18 6 1
github.com/aequo-labs/forgexml-scap/cmd/ui/internal/state/xml_state.go:1098.19,1100.44 2 1
github.com/aequo-labs/forgexml-scap/cmd/ui/internal/state/xml_state.go:1100.44,1101.57 1 0
github.com/aequo-labs/forgexml-scap/cmd/ui/internal/state/xml_state.go:1101.57,1103.5 1 0
github.com/aequo-labs/forgexml-scap/cmd/ui/internal/state/xml_state.go:1105.3,1110.18 6 1
github.com/aequo-labs/forgexml-scap/cmd/ui/internal/state/xml_state.go:1111.25,1113.44 2 1
github.com/aequo-labs/forgexml-scap/cmd/ui/internal/state/xml_state.go:1113.44,1114.57 1 0
github.com/aequo-labs/forgexml-scap/cmd/ui/internal/state/xml_state.go:1114.57,1116.5 1 0
github.com/aequo-labs/forgexml-scap/cmd/ui/internal/state/xml_state.go:1118.3,1123.18 6 1
github.com/aequo-labs/forgexml-scap/cmd/ui/internal/state/xml_state.go:1124.18,1126.44 2 1
github.com/aequo-labs/forgexml-scap/cmd/ui/internal/state/xml_state.go:1126.44,1127.57 1 0
github.com/aequo-labs/forgexml-scap/cmd/ui/internal/state/xml_state.go:1127.57,1129.5 1 0
github.com/aequo-labs/forgexml-scap/cmd/ui/internal/state/xml_state.go:1131.3,1136.18 6 1
github.com/aequo-labs/forgexml-scap/cmd/ui/internal/state/xml_state.go:1137.24,1139.44 2 1
github.com/aequo-labs/forgexml-scap/cmd/ui/internal/state/xml_state.go:1139.44,1140.57 1 0
github.com/aequo-labs/forgexml-scap/cmd/ui/internal/state/xml_state.go:1140.57,1142.5 1 0
github.com/aequo-labs/forgexml-scap/cmd/ui/internal/state/xml_state.go:1144.3,1149.18 6 1
github.com/aequo-labs/forgexml-scap/cmd/ui/internal/state/xml_state.go:1150.32,1152.44 2 1
github.com/aequo-labs/forgexml-scap/cmd/ui/internal/state/xml_state.go:1152.44,1153.57 1 0
github.com/aequo-labs/forgexml-scap/cmd/ui/internal/state/xml_state.go:1153.57,1155.5 1 0
github.com/aequo-labs/forgexml-scap/cmd/ui/internal/state/xml_state.go:1157.3,1162.18 6 1
github.com/aequo-labs/forgexml-scap/cmd/ui/internal/state/xml_state.go:1163.21,1165.44 2 1
github.com/aequo-labs/forgexml-scap/cmd/ui/internal/state/xml_state.go:1165.44,1166.57 1 0
github.com/aequo-labs/forgexml-scap/cmd/ui/internal/state/xml_state.go:1166.57,1168.5 1 0
github.com/aequo-labs/forgexml-scap/cmd/ui/internal/state/xml_state.go:1170.3,1175.18 6 1
github.com/aequo-labs/forgexml-scap/cmd/ui/internal/state/xml_state.go:1176.26,1178.44 2 1
github.com/aequo-labs/forgexml-scap/cmd/ui/internal/state/xml_state.go:1178.44,1179.57 1 0
github.com/aequo-labs/forgexml-scap/cmd/ui/internal/state/xml_state.go:1179.57,1181.5 1 0
github.com/aequo-labs/forgexml-scap/cmd/ui/internal/state/xml_state.go:1183.3,1188.18 6 1
github.com/aequo-labs/forgexml-scap/cmd/ui/internal/state/xml_state.go:1189.26,1191.44 2 1
github.com/aequo-labs/forgexml-scap/cmd/ui/internal/state/xml_state.go:1191.44,1192.57 1 0
github.com/aequo-labs/forgexml-scap/cmd/ui/internal/state/xml_state.go:1192.57,1194.5 1 0
github.com/aequo-labs/forgexml-scap/cmd/ui/internal/state/xml_state.go:1196.3,1201.18 6 1
github.com/aequo-labs/forgexml-scap/cmd/ui/internal/state/xml_state.go:1202.36,1204.44 2 1
github.com/aequo-labs/forgexml-scap/cmd/ui/internal/state/xml_state.go:1204.44,1205.57 1 0
github.com/aequo-labs/forgexml-scap/cmd/ui/internal/state/xml_state.go:1205.57,1207.5 1 0
github.com/aequo-labs/forgexml-scap/cmd/ui/internal/state/xml_state.go:1209.3,1214.18 6 1
github.com/aequo-labs/forgexml-scap/cmd/ui/internal/state/xml_state.go:1215.26,1217.44 2 1
github.com/aequo-labs/forgexml-scap/cmd/ui/internal/state/xml_state.go:1217.44,1218.57 1 0
github.com/aequo-labs/forgexml-scap/cmd/ui/internal/state/xml_state.go:1218.57,1220.5 1 0
github.com/aequo-labs/forgexml-scap/cmd/ui/internal/state/xml_state.go:1222.3,1227.18 6 1
github.com/aequo-labs/forgexml-scap/cmd/ui/internal/state/xml_state.go:1228.32,1230.44 2 1
github.com/aequo-labs/forgexml-scap/cmd/ui/internal/state/xml_state.go:1230.44,1231.57 1 0
github.com/aequo-labs/forgexml-scap/cmd/ui/internal/state/xml_state.go:1231.57,1233.5 1 0
github.com/aequo-labs/forgexml-scap/cmd/ui/internal/state/xml_state.go:1235.3,1240.18 6 1
github.com/aequo-labs/forgexml-scap/cmd/ui/internal/state/xml_state.go:1241.29,1243.44 2 1
github.com/aequo-labs/forgexml-scap/cmd/ui/internal/state/xml_state.go:1243.44,1244.57 1 0
github.com/aequo-labs/forgexml-scap/cmd/ui/internal/state/xml_state.go:1244.57,1246.5 1 0
github.com/aequo-labs/forgexml-scap/cmd/ui/internal/state/xml_state.go:1248.3,1253.18 6 1
github.com/aequo-labs/forgexml-scap/cmd/ui/internal/state/xml_state.go:1254.28,1256.44 2 1
github.com/aequo-labs/forgexml-scap/cmd/ui/internal/state/xml_state.go:1256.44,1257.57 1 0
github.com/aequo-labs/forgexml-scap/cmd/ui/internal/state/xml_state.go:1257.57,1259.5 1 0
github.com/aequo-labs/forgexml-scap/cmd/ui/internal/state/xml_state.go:1261.3,1266.18 6 1
github.com/aequo-labs/forgexml-scap/cmd/ui/internal/state/xml_state.go:1267.32,1269.44 2 1
github.com/aequo-labs/forgexml-scap/cmd/ui/internal/state/xml_state.go:1269.44,1270.57 1 0
github.com/aequo-labs/forgexml-scap/cmd/ui/internal/state/xml_state.go:1270.57,1272.5 1 0
github.com/aequo-labs/forgexml-scap/cmd/ui/internal/state/xml_state.go:1274.3,1279.18 6 1
github.com/aequo-labs/forgexml-scap/cmd/ui/internal/state/xml_state.go:1280.34,1282.44 2 1
github.com/aequo-labs/forgexml-scap/cmd/ui/internal/state/xml_state.go:1282.44,1283.57 1 0
github.com/aequo-labs/forgexml-scap/cmd/ui/internal/state/xml_state.go:1283.57,1285.5 1 0
github.com/aequo-labs/forgexml-scap/cmd/ui/internal/state/xml_state.go:1287.3,1292.18 6 1
github.com/aequo-labs/forgexml-scap/cmd/ui/internal/state/xml_state.go:1293.38,1295.44 2 1
github.com/aequo-labs/forgexml-scap/cmd/ui/internal/state/xml_state.go:1295.44,1296.57 1 0
github.com/aequo-labs/forgexml-scap/cmd/ui/internal/state/xml_state.go:1296.57,1298.5 1 0
github.com/aequo-labs/forgexml-scap/cmd/ui/internal/state/xml_state.go:1300.3,1305.18 6 1
github.com/aequo-labs/forgexml-scap/cmd/ui/internal/state/xml_state.go:1306.28,1308.44 2 1
github.com/aequo-labs/forgexml-scap/cmd/ui/internal/state/xml_state.go:1308.44,1309.57 1 0
github.com/aequo-labs/forgexml-scap/cmd/ui/internal/state/xml_state.go:1309.57,1311.5 1 0
github.com/aequo-labs/forgexml-scap/cmd/ui/internal/state/xml_state.go:1313.3,1318.18 6 1
github.com/aequo-labs/forgexml-scap/cmd/ui/internal/state/xml_state.go:1319.29,1321.44 2 1
github.com/aequo-labs/forgexml-scap/cmd/ui/internal/state/xml_state.go:1321.44,1322.57 1 0
github.com/aequo-labs/forgexml-scap/cmd/ui/internal/state/xml_state.go:1322.57,1324.5 1 0
github.com/aequo-labs/forgexml-scap/cmd/ui/internal/state/xml_state.go:1326.3,1331.18 6 1
github.com/aequo-labs/forgexml-scap/cmd/ui/internal/state/xml_state.go:1332.27,1334.44 2 1
github.com/aequo-labs/forgexml-scap/cmd/ui/internal/state/xml_state.go:1334.44,1335.57 1 0
github.com/aequo-labs/forgexml-scap/cmd/ui/internal/state/xml_state.go:1335.57,1337.5 1 0
github.com/aequo-labs/forgexml-scap/cmd/ui/internal/state/xml_state.go:1339.3,1344.18 6 1
github.com/aequo-labs/forgexml-scap/cmd/ui/internal/state/xml_state.go:1345.28,1347.44 2 1
github.com/aequo-labs/forgexml-scap/cmd/ui/internal/state/xml_state.go:1347.44,1348.57 1 0
github.com/aequo-labs/forgexml-scap/cmd/ui/internal/state/xml_state.go:1348.57,1350.5 1 0
github.com/aequo-labs/forgexml-scap/cmd/ui/internal/state/xml_state.go:1352.3,1357.18 6 1
github.com/aequo-labs/forgexml-scap/cmd/ui/internal/state/xml_state.go:1358.36,1360.44 2 1
github.com/aequo-labs/forgexml-scap/cmd/ui/internal/state/xml_state.go:1360.44,1361.57 1 0
github.com/aequo-labs/forgexml-scap/cmd/ui/internal/state/xml_state.go:1361.57,1363.5 1 0
github.com/aequo-labs/forgexml-scap/cmd/ui/internal/state/xml_state.go:1365.3,1370.18 6 1
github.com/aequo-labs/forgexml-scap/cmd/ui/internal/state/xml_state.go:1371.28,1373.44 2 1
github.com/aequo-labs/forgexml-scap/cmd/ui/internal/state/xml_state.go:1373.44,1374.57 1 0
github.com/aequo-labs/forgexml-scap/cmd/ui/internal/state/xml_state.go:1374.57,1376.5 1 0
github.com/aequo-labs/forgexml-scap/cmd/ui/internal/state/xml_state.go:1378.3,1383.18 6 1
github.com/aequo-labs/forgexml-scap/cmd/ui/internal/state/xml_state.go:1384.32,1386.44 2 1
github.com/aequo-labs/forgexml-scap/cmd/ui/internal/state/xml_state.go:1386.44,1387.57 1 0
github.com/aequo-labs/forgexml-scap/cmd/ui/internal/state/xml_state.go:1387.57,1389.5 1 0
github.com/aequo-labs/forgexml-scap/cmd/ui/internal/state/xml_state.go:1391.3,1396.18 6 1
github.com/aequo-labs/forgexml-scap/cmd/ui/internal/state/xml_state.go:1397.20,1399.44 2 1
github.com/aequo-labs/forgexml-scap/cmd/ui/internal/state/xml_state.go:1399.44,1400.57 1 0
github.com/aequo-labs/forgexml-scap/cmd/ui/internal/state/xml_state.go:1400.57,1402.5 1 0
github.com/aequo-labs/forgexml-scap/cmd/ui/internal/state/xml_state.go:1404.3,1409.18 6 1
github.com/aequo-labs/forgexml-scap/cmd/ui/internal/state/xml_state.go:1410.24,1412.44 2 1
github.com/aequo-labs/forgexml-scap/cmd/ui/internal/state/xml_state.go:1412.44,1413.57 1 0
github.com/aequo-labs/forgexml-scap/cmd/ui/internal/state/xml_state.go:1413.57,1415.5 1 0
github.com/aequo-labs/forgexml-scap/cmd/ui/internal/state/xml_state.go:1417.3,1422.18 6 1
github.com/aequo-labs/forgexml-scap/cmd/ui/internal/state/xml_state.go:1423.24,1425.44 2 1
github.com/aequo-labs/forgexml-scap/cmd/ui/internal/state/xml_state.go:1425.44,1426.57 1 0
github.com/aequo-labs/forgexml-scap/cmd/ui/internal/state/xml_state.go:1426.57,1428.5 1 0
github.com/aequo-labs/forgexml-scap/cmd/ui/internal/state/xml_state.go:1430.3,1435.18 6 1
github.com/aequo-labs/forgexml-scap/cmd/ui/internal/state/xml_state.go:1436.24,1438.44 2 1
github.com/aequo-labs/forgexml-scap/cmd/ui/internal/state/xml_state.go:1438.44,1439.57 1 0
github.com/aequo-labs/forgexml-scap/cmd/ui/internal/state/xml_state.go:1439.57,1441.5 1 0
github.com/aequo-labs/forgexml-scap/cmd/ui/internal/state/xml_state.go:1444.3,1450.18 7 1
github.com/aequo-labs/forgexml-scap/cmd/ui/internal/state/xml_state.go:1451.17,1453.44 2 1
github.com/aequo-labs/forgexml-scap/cmd/ui/internal/state/xml_state.go:1453.44,1454.57 1 0
github.com/aequo-labs/forgexml-scap/cmd/ui/internal/state/xml_state.go:1454.57,1456.5 1 0
github.com/aequo-labs/forgexml-scap/cmd/ui/internal/state/xml_state.go:1458.3,1463.18 6 1
github.com/aequo-labs/forgexml-scap/cmd/ui/internal/state/xml_state.go:1464.22,1466.44 2 1
github.com/aequo-labs/forgexml-scap/cmd/ui/internal/state/xml_state.go:1466.44,1467.57 1 0
github.com/aequo-labs/forgexml-scap/cmd/ui/internal/state/xml_state.go:1467.57,1469.5 1 0
github.com/aequo-labs/forgexml-scap/cmd/ui/internal/state/xml_state.go:1471.3,1476.18 6 1
github.com/aequo-labs/forgexml-scap/cmd/ui/internal/state/xml_state.go:1477.23,1479.44 2 1
github.com/aequo-labs/forgexml-scap/cmd/ui/internal/state/xml_state.go:1479.44,1480.57 1 0
github.com/aequo-labs/forgexml-scap/cmd/ui/internal/state/xml_state.go:1480.57,1482.5 1 0
github.com/aequo-labs/forgexml-scap/cmd/ui/internal/state/xml_state.go:1484.3,1489.18 6 1
github.com/aequo-labs/forgexml-scap/cmd/ui/internal/state/xml_state.go:1490.22,1492.44 2 1
github.com/aequo-labs/forgexml-scap/cmd/ui/internal/state/xml_state.go:1492.44,1493.57 1 0
github.com/aequo-labs/forgexml-scap/cmd/ui/internal/state/xml_state.go:1493.57,1495.5 1 0
github.com/aequo-labs/forgexml-scap/cmd/ui/internal/state/xml_state.go:1497.3,1502.18 6 1
github.com/aequo-labs/forgexml-scap/cmd/ui/internal/state/xml_state.go:1503.28,1505.44 2 1
github.com/aequo-labs/forgexml-scap/cmd/ui/internal/state/xml_state.go:1505.44,1506.57 1 0
github.com/aequo-labs/forgexml-scap/cmd/ui/internal/state/xml_state.go:1506.57,1508.5 1 0
github.com/aequo-labs/forgexml-scap/cmd/ui/internal/state/xml_state.go:1510.3,1515.18 6 1
github.com/aequo-labs/forgexml-scap/cmd/ui/internal/state/xml_state.go:1516.25,1518.44 2 1
github.com/aequo-labs/forgexml-scap/cmd/ui/internal/state/xml_state.go:1518.44,1519.57 1 0
github.com/aequo-labs/forgexml-scap/cmd/ui/internal/state/xml_state.go:1519.57,1521.5 1 0
github.com/aequo-labs/forgexml-scap/cmd/ui/internal/state/xml_state.go:1523.3,1528.18 6 1
github.com/aequo-labs/forgexml-scap/cmd/ui/internal/state/xml_state.go:1529.21,1531.44 2 1
github.com/aequo-labs/forgexml-scap/cmd/ui/internal/state/xml_state.go:1531.44,1532.57 1 0
github.com/aequo-labs/forgexml-scap/cmd/ui/internal/state/xml_state.go:1532.57,1534.5 1 0
github.com/aequo-labs/forgexml-scap/cmd/ui/internal/state/xml_state.go:1536.3,1541.18 6 1
github.com/aequo-labs/forgexml-scap/cmd/ui/internal/state/xml_state.go:1542.18,1544.44 2 1
github.com/aequo-labs/forgexml-scap/cmd/ui/internal/state/xml_state.go:1544.44,1545.57 1 0
github.com/aequo-labs/forgexml-scap/cmd/ui/internal/state/xml_state.go:1545.57,1547.5 1 0
github.com/aequo-labs/forgexml-scap/cmd/ui/internal/state/xml_state.go:1549.3,1554.18 6 1
github.com/aequo-labs/forgexml-scap/cmd/ui/internal/state/xml_state.go:1555.25,1557.44 2 1
github.com/aequo-labs/forgexml-scap/cmd/ui/internal/state/xml_state.go:1557.44,1558.57 1 0
github.com/aequo-labs/forgexml-scap/cmd/ui/internal/state/xml_state.go:1558.57,1560.5 1 0
github.com/aequo-labs/forgexml-scap/cmd/ui/internal/state/xml_state.go:1562.3,1567.18 6 1
github.com/aequo-labs/forgexml-scap/cmd/ui/internal/state/xml_state.go:1568.22,1570.44 2 1
github.com/aequo-labs/forgexml-scap/cmd/ui/internal/state/xml_state.go:1570.44,1571.57 1 0
github.com/aequo-labs/forgexml-scap/cmd/ui/internal/state/xml_state.go:1571.57,1573.5 1 0
github.com/aequo-labs/forgexml-scap/cmd/ui/internal/state/xml_state.go:1575.3,1580.18 6 1
github.com/aequo-labs/forgexml-scap/cmd/ui/internal/state/xml_state.go:1581.29,1583.44 2 1
github.com/aequo-labs/forgexml-scap/cmd/ui/internal/state/xml_state.go:1583.44,1584.57 1 0
github.com/aequo-labs/forgexml-scap/cmd/ui/internal/state/xml_state.go:1584.57,1586.5 1 0
github.com/aequo-labs/forgexml-scap/cmd/ui/internal/state/xml_state.go:1588.3,1593.18 6 1
github.com/aequo-labs/forgexml-scap/cmd/ui/internal/state/xml_state.go:1594.35,1596.44 2 1
github.com/aequo-labs/forgexml-scap/cmd/ui/internal/state/xml_state.go:1596.44,1597.57 1 0
github.com/aequo-labs/forgexml-scap/cmd/ui/internal/state/xml_state.go:1597.57,1599.5 1 0
github.com/aequo-labs/forgexml-scap/cmd/ui/internal/state/xml_state.go:1601.3,1606.18 6 1
github.com/aequo-labs/forgexml-scap/cmd/ui/internal/state/xml_state.go:1607.22,1609.44 2 1
github.com/aequo-labs/forgexml-scap/cmd/ui/internal/state/xml_state.go:1609.44,1610.57 1 0
github.com/aequo-labs/forgexml-scap/cmd/ui/internal/state/xml_state.go:1610.57,1612.5 1 0
github.com/aequo-labs/forgexml-scap/cmd/ui/internal/state/xml_state.go:1614.3,1619.18 6 1
github.com/aequo-labs/forgexml-scap/cmd/ui/internal/state/xml_state.go:1620.27,1622.44 2 1
github.com/aequo-labs/forgexml-scap/cmd/ui/internal/state/xml_state.go:1622.44,1623.57 1 0
github.com/aequo-labs/forgexml-scap/cmd/ui/internal/state/xml_state.go:1623.57,1625.5 1 0
github.com/aequo-labs/forgexml-scap/cmd/ui/internal/state/xml_state.go:1627.3,1632.18 6 1
github.com/aequo-labs/forgexml-scap/cmd/ui/internal/state/xml_state.go:1633.29,1635.44 2 1
github.com/aequo-labs/forgexml-scap/cmd/ui/internal/state/xml_state.go:1635.44,1636.57 1 0
github.com/aequo-labs/forgexml-scap/cmd/ui/internal/state/xml_state.go:1636.57,1638.5 1 0
github.com/aequo-labs/forgexml-scap/cmd/ui/internal/state/xml_state.go:1640.3,1645.18 6 1
github.com/aequo-labs/forgexml-scap/cmd/ui/internal/state/xml_state.go:1646.24,1648.44 2 1
github.com/aequo-labs/forgexml-scap/cmd/ui/internal/state/xml_state.go:1648.44,1649.57 1 0
github.com/aequo-labs/forgexml-scap/cmd/ui/internal/state/xml_state.go:1649.57,1651.5 1 0
github.com/aequo-labs/forgexml-scap/cmd/ui/internal/state/xml_state.go:1653.3,1658.18 6 1
github.com/aequo-labs/forgexml-scap/cmd/ui/internal/state/xml_state.go:1659.25,1661.44 2 1
github.com/aequo-labs/forgexml-scap/cmd/ui/internal/state/xml_state.go:1661.44,1662.57 1 0
github.com/aequo-labs/forgexml-scap/cmd/ui/internal/state/xml_state.go:1662.57,1664.5 1 0
github.com/aequo-labs/forgexml-scap/cmd/ui/internal/state/xml_state.go:1666.3,1671.18 6 1
github.com/aequo-labs/forgexml-scap/cmd/ui/internal/state/xml_state.go:1672.27,1674.44 2 1
github.com/aequo-labs/forgexml-scap/cmd/ui/internal/state/xml_state.go:1674.44,1675.57 1 0
github.com/aequo-labs/forgexml-scap/cmd/ui/internal/state/xml_state.go:1675.57,1677.5 1 0
github.com/aequo-labs/forgexml-scap/cmd/ui/internal/state/xml_state.go:1679.3,1684.18 6 1
github.com/aequo-labs/forgexml-scap/cmd/ui/internal/state/xml_state.go:1685.31,1687.44 2 1
github.com/aequo-labs/forgexml-scap/cmd/ui/internal/state/xml_state.go:1687.44,1688.57 1 0
github.com/aequo-labs/forgexml-scap/cmd/ui/internal/state/xml_state.go:1688.57,1690.5 1 0
github.com/aequo-labs/forgexml-scap/cmd/ui/internal/state/xml_state.go:1692.3,1697.18 6 1
github.com/aequo-labs/forgexml-scap/cmd/ui/internal/state/xml_state.go:1698.35,1700.44 2 1
github.com/aequo-labs/forgexml-scap/cmd/ui/internal/state/xml_state.go:1700.44,1701.57 1 0
github.com/aequo-labs/forgexml-scap/cmd/ui/internal/state/xml_state.go:1701.57,1703.5 1 0
github.com/aequo-labs/forgexml-scap/cmd/ui/internal/state/xml_state.go:1705.3,1710.18 6 1
github.com/aequo-labs/forgexml-scap/cmd/ui/internal/state/xml_state.go:1711.35,1713.44 2 1
github.com/aequo-labs/forgexml-scap/cmd/ui/internal/state/xml_state.go:1713.44,1714.57 1 0
github.com/aequo-labs/forgexml-scap/cmd/ui/internal/state/xml_state.go:1714.57,1716.5 1 0
github.com/aequo-labs/forgexml-scap/cmd/ui/internal/state/xml_state.go:1718.3,1723.18 6 1
github.com/aequo-labs/forgexml-scap/cmd/ui/internal/state/xml_state.go:1724.42,1726.44 2 1
github.com/aequo-labs/forgexml-scap/cmd/ui/internal/state/xml_state.go:1726.44,1727.57 1 0
github.com/aequo-labs/forgexml-scap/cmd/ui/internal/state/xml_state.go:1727.57,1729.5 1 0
github.com/aequo-labs/forgexml-scap/cmd/ui/internal/state/xml_state.go:1731.3,1736.18 6 1
github.com/aequo-labs/forgexml-scap/cmd/ui/internal/state/xml_state.go:1737.44,1739.44 2 1
github.com/aequo-labs/forgexml-scap/cmd/ui/internal/state/xml_state.go:1739.44,1740.57 1 0
github.com/aequo-labs/forgexml-scap/cmd/ui/internal/state/xml_state.go:1740.57,1742.5 1 0
github.com/aequo-labs/forgexml-scap/cmd/ui/internal/state/xml_state.go:1744.3,1749.18 6 1
github.com/aequo-labs/forgexml-scap/cmd/ui/internal/state/xml_state.go:1750.31,1752.44 2 1
github.com/aequo-labs/forgexml-scap/cmd/ui/internal/state/xml_state.go:1752.44,1753.57 1 0
github.com/aequo-labs/forgexml-scap/cmd/ui/internal/state/xml_state.go:1753.57,1755.5 1 0
github.com/aequo-labs/forgexml-scap/cmd/ui/internal/state/xml_state.go:1757.3,1762.18 6 1
github.com/aequo-labs/forgexml-scap/cmd/ui/internal/state/xml_state.go:1763.42,1765.44 2 1
github.com/aequo-labs/forgexml-scap/cmd/ui/internal/state/xml_state.go:1765.44,1766.57 1 0
github.com/aequo-labs/forgexml-scap/cmd/ui/internal/state/xml_state.go:1766.57,1768.5 1 0
github.com/aequo-labs/forgexml-scap/cmd/ui/internal/state/xml_state.go:1770.3,1775.18 6 1
github.com/aequo-labs/forgexml-scap/cmd/ui/internal/state/xml_state.go:1776.28,1778.44 2 1
github.com/aequo-labs/forgexml-scap/cmd/ui/internal/state/xml_state.go:1778.44,1779.57 1 0
github.com/aequo-labs/forgexml-scap/cmd/ui/internal/state/xml_state.go:1779.57,1781.5 1 0
github.com/aequo-labs/forgexml-scap/cmd/ui/internal/state/xml_state.go:1783.3,1788.18 6 1
github.com/aequo-labs/forgexml-scap/cmd/ui/internal/state/xml_state.go:1789.32,1791.44 2 1
github.com/aequo-labs/forgexml-scap/cmd/ui/internal/state/xml_state.go:1791.44,1792.57 1 0
github.com/aequo-labs/forgexml-scap/cmd/ui/internal/state/xml_state.go:1792.57,1794.5 1 0
github.com/aequo-labs/forgexml-scap/cmd/ui/internal/state/xml_state.go:1796.3,1801.18 6 1
github.com/aequo-labs/forgexml-scap/cmd/ui/internal/state/xml_state.go:1802.29,1804.44 2 1
github.com/aequo-labs/forgexml-scap/cmd/ui/internal/state/xml_state.go:1804.44,1805.57 1 0
github.com/aequo-labs/forgexml-scap/cmd/ui/internal/state/xml_state.go:1805.57,1807.5 1 0
github.com/aequo-labs/forgexml-scap/cmd/ui/internal/state/xml_state.go:1809.3,1814.18 6 1
github.com/aequo-labs/forgexml-scap/cmd/ui/internal/state/xml_state.go:1815.26,1817.44 2 1
github.com/aequo-labs/forgexml-scap/cmd/ui/internal/state/xml_state.go:1817.44,1818.57 1 0
github.com/aequo-labs/forgexml-scap/cmd/ui/internal/state/xml_state.go:1818.57,1820.5 1 0
github.com/aequo-labs/forgexml-scap/cmd/ui/internal/state/xml_state.go:1822.3,1827.18 6 1
github.com/aequo-labs/forgexml-scap/cmd/ui/internal/state/xml_state.go:1828.28,1830.44 2 1
github.com/aequo-labs/forgexml-scap/cmd/ui/internal/state/xml_state.go:1830.44,1831.57 1 0
github.com/aequo-labs/forgexml-scap/cmd/ui/internal/state/xml_state.go:1831.57,1833.5 1 0
github.com/aequo-labs/forgexml-scap/cmd/ui/internal/state/xml_state.go:1835.3,1840.18 6 1
github.com/aequo-labs/forgexml-scap/cmd/ui/internal/state/xml_state.go:1841.25,1843.44 2 1
github.com/aequo-labs/forgexml-scap/cmd/ui/internal/state/xml_state.go:1843.44,1844.57 1 0
github.com/aequo-labs/forgexml-scap/cmd/ui/internal/state/xml_state.go:1844.57,1846.5 1 0
github.com/aequo-labs/forgexml-scap/cmd/ui/internal/state/xml_state.go:1848.3,1853.18 6 1
github.com/aequo-labs/forgexml-scap/cmd/ui/internal/state/xml_state.go:1854.38,1856.44 2 1
github.com/aequo-labs/forgexml-scap/cmd/ui/internal/state/xml_state.go:1856.44,1857.57 1 0
github.com/aequo-labs/forgexml-scap/cmd/ui/internal/state/xml_state.go:1857.57,1859.5 1 0
github.com/aequo-labs/forgexml-scap/cmd/ui/internal/state/xml_state.go:1861.3,1866.18 6 1
github.com/aequo-labs/forgexml-scap/cmd/ui/internal/state/xml_state.go:1867.33,1869.44 2 1
github.com/aequo-labs/forgexml-scap/cmd/ui/internal/state/xml_state.go:1869.44,1870.57 1 0
github.com/aequo-labs/forgexml-scap/cmd/ui/internal/state/xml_state.go:1870.57,1872.5 1 0
github.com/aequo-labs/forgexml-scap/cmd/ui/internal/state/xml_state.go:1874.3,1879.18 6 1
github.com/aequo-labs/forgexml-scap/cmd/ui/internal/state/xml_state.go:1880.28,1882.44 2 1
github.com/aequo-labs/forgexml-scap/cmd/ui/internal/state/xml_state.go:1882.44,1883.57 1 0
github.com/aequo-labs/forgexml-scap/cmd/ui/internal/state/xml_state.go:1883.57,1885.5 1 0
github.com/aequo-labs/forgexml-scap/cmd/ui/internal/state/xml_state.go:1887.3,1892.18 6 1
github.com/aequo-labs/forgexml-scap/cmd/ui/internal/state/xml_state.go:1893.24,1895.44 2 1
github.com/aequo-labs/forgexml-scap/cmd/ui/internal/state/xml_state.go:1895.44,1896.57 1 0
github.com/aequo-labs/forgexml-scap/cmd/ui/internal/state/xml_state.go:1896.57,1898.5 1 0
github.com/aequo-labs/forgexml-scap/cmd/ui/internal/state/xml_state.go:1900.3,1905.18 6 1
github.com/aequo-labs/forgexml-scap/cmd/ui/internal/state/xml_state.go:1906.32,1908.44 2 1
github.com/aequo-labs/forgexml-scap/cmd/ui/internal/state/xml_state.go:1908.44,1909.57 1 0
github.com/aequo-labs/forgexml-scap/cmd/ui/internal/state/xml_state.go:1909.57,1911.5 1 0
github.com/aequo-labs/forgexml-scap/cmd/ui/internal/state/xml_state.go:1913.3,1918.18 6 1
github.com/aequo-labs/forgexml-scap/cmd/ui/internal/state/xml_state.go:1919.29,1921.44 2 1
github.com/aequo-labs/forgexml-scap/cmd/ui/internal/state/xml_state.go:1921.44,1922.57 1 0
github.com/aequo-labs/forgexml-scap/cmd/ui/internal/state/xml_state.go:1922.57,1924.5 1 0
github.com/aequo-labs/forgexml-scap/cmd/ui/internal/state/xml_state.go:1926.3,1931.18 6 1
github.com/aequo-labs/forgexml-scap/cmd/ui/internal/state/xml_state.go:1932.33,1934.44 2 1
github.com/aequo-labs/forgexml-scap/cmd/ui/internal/state/xml_state.go:1934.44,1935.57 1 0
github.com/aequo-labs/forgexml-scap/cmd/ui/internal/state/xml_state.go:1935.57,1937.5 1 0
github.com/aequo-labs/forgexml-scap/cmd/ui/internal/state/xml_state.go:1939.3,1944.18 6 1
github.com/aequo-labs/forgexml-scap/cmd/ui/internal/state/xml_state.go:1945.25,1947.44 2 1
github.com/aequo-labs/forgexml-scap/cmd/ui/internal/state/xml_state.go:1947.44,1948.57 1 0
github.com/aequo-labs/forgexml-scap/cmd/ui/internal/state/xml_state.go:1948.57,1950.5 1 0
github.com/aequo-labs/forgexml-scap/cmd/ui/internal/state/xml_state.go:1952.3,1957.18 6 1
github.com/aequo-labs/forgexml-scap/cmd/ui/internal/state/xml_state.go:1958.25,1960.44 2 1
github.com/aequo-labs/forgexml-scap/cmd/ui/internal/state/xml_state.go:1960.44,1961.57 1 0
github.com/aequo-labs/forgexml-scap/cmd/ui/internal/state/xml_state.go:1961.57,1963.5 1 0
github.com/aequo-labs/forgexml-scap/cmd/ui/internal/state/xml_state.go:1965.3,1970.18 6 1
github.com/aequo-labs/forgexml-scap/cmd/ui/internal/state/xml_state.go:1971.40,1973.44 2 1
github.com/aequo-labs/forgexml-scap/cmd/ui/internal/state/xml_state.go:1973.44,1974.57 1 0
github.com/aequo-labs/forgexml-scap/cmd/ui/internal/state/xml_state.go:1974.57,1976.5 1 0
github.com/aequo-labs/forgexml-scap/cmd/ui/internal/state/xml_state.go:1978.3,1983.18 6 1
github.com/aequo-labs/forgexml-scap/cmd/ui/internal/state/xml_state.go:1984.35,1986.44 2 1
github.com/aequo-labs/forgexml-scap/cmd/ui/internal/state/xml_state.go:1986.44,1987.57 1 0
github.com/aequo-labs/forgexml-scap/cmd/ui/internal/state/xml_state.go:1987.57,1989.5 1 0
github.com/aequo-labs/forgexml-scap/cmd/ui/internal/state/xml_state.go:1991.3,1996.18 6 1
github.com/aequo-labs/forgexml-scap/cmd/ui/internal/state/xml_state.go:1997.32,1999.44 2 1
github.com/aequo-labs/forgexml-scap/cmd/ui/internal/state/xml_state.go:1999.44,2000.57 1 0
github.com/aequo-labs/forgexml-scap/cmd/ui/internal/state/xml_state.go:2000.57,2002.5 1 0
github.com/aequo-labs/forgexml-scap/cmd/ui/internal/state/xml_state.go:2004.3,2009.18 6 1
github.com/aequo-labs/forgexml-scap/cmd/ui/internal/state/xml_state.go:2010.30,2012.44 2 1
github.com/aequo-labs/forgexml-scap/cmd/ui/internal/state/xml_state.go:2012.44,2013.57 1 0
github.com/aequo-labs/forgexml-scap/cmd/ui/internal/state/xml_state.go:2013.57,2015.5 1 0
github.com/aequo-labs/forgexml-scap/cmd/ui/internal/state/xml_state.go:2017.3,2022.18 6 1
github.com/aequo-labs/forgexml-scap/cmd/ui/internal/state/xml_state.go:2023.31,2025.44 2 1
github.com/aequo-labs/forgexml-scap/cmd/ui/internal/state/xml_state.go:2025.44,2026.57 1 0
github.com/aequo-labs/forgexml-scap/cmd/ui/internal/state/xml_state.go:2026.57,2028.5 1 0
github.com/aequo-labs/forgexml-scap/cmd/ui/internal/state/xml_state.go:2030.3,2035.18 6 1
github.com/aequo-labs/forgexml-scap/cmd/ui/internal/state/xml_state.go:2036.31,2038.44 2 1
github.com/aequo-labs/forgexml-scap/cmd/ui/internal/state/xml_state.go:2038.44,2039.57 1 0
github.com/aequo-labs/forgexml-scap/cmd/ui/internal/state/xml_state.go:2039.57,2041.5 1 0
github.com/aequo-labs/forgexml-scap/cmd/ui/internal/state/xml_state.go:2043.3,2048.18 6 1
github.com/aequo-labs/forgexml-scap/cmd/ui/internal/state/xml_state.go:2049.41,2051.44 2 1
github.com/aequo-labs/forgexml-scap/cmd/ui/internal/state/xml_state.go:2051.44,2052.57 1 0
github.com/aequo-labs/forgexml-scap/cmd/ui/internal/state/xml_state.go:2052.57,2054.5 1 0
github.com/aequo-labs/forgexml-scap/cmd/ui/internal/state/xml_state.go:2056.3,2061.18 6 1
github.com/aequo-labs/forgexml-scap/cmd/ui/internal/state/xml_state.go:2062.35,2064.44 2 1
github.com/aequo-labs/forgexml-scap/cmd/ui/internal/state/xml_state.go:2064.44,2065.57 1 0
github.com/aequo-labs/forgexml-scap/cmd/ui/internal/state/xml_state.go:2065.57,2067.5 1 0
github.com/aequo-labs/forgexml-scap/cmd/ui/internal/state/xml_state.go:2069.3,2074.18 6 1
github.com/aequo-labs/forgexml-scap/cmd/ui/internal/state/xml_state.go:2075.29,2077.44 2 1
github.com/aequo-labs/forgexml-scap/cmd/ui/internal/state/xml_state.go:2077.44,2078.57 1 0
github.com/aequo-labs/forgexml-scap/cmd/ui/internal/state/xml_state.go:2078.57,2080.5 1 0
github.com/aequo-labs/forgexml-scap/cmd/ui/internal/state/xml_state.go:2082.3,2087.18 6 1
github.com/aequo-labs/forgexml-scap/cmd/ui/internal/state/xml_state.go:2088.32,2090.44 2 1
github.com/aequo-labs/forgexml-scap/cmd/ui/internal/state/xml_state.go:2090.44,2091.57 1 0
github.com/aequo-labs/forgexml-scap/cmd/ui/internal/state/xml_state.go:2091.57,2093.5 1 0
github.com/aequo-labs/forgexml-scap/cmd/ui/internal/state/xml_state.go:2095.3,2100.18 6 1
github.com/aequo-labs/forgexml-scap/cmd/ui/internal/state/xml_state.go:2101.32,2103.44 2 1
github.com/aequo-labs/forgexml-scap/cmd/ui/internal/state/xml_state.go:2103.44,2104.57 1 0
github.com/aequo-labs/forgexml-scap/cmd/ui/internal/state/xml_state.go:2104.57,2106.5 1 0
github.com/aequo-labs/forgexml-scap/cmd/ui/internal/state/xml_state.go:2108.3,2113.18 6 1
github.com/aequo-labs/forgexml-scap/cmd/ui/internal/state/xml_state.go:2114.33,2116.44 2 1
github.com/aequo-labs/forgexml-scap/cmd/ui/internal/state/xml_state.go:2116.44,2117.57 1 0
github.com/aequo-labs/forgexml-scap/cmd/ui/internal/state/xml_state.go:2117.57,2119.5 1 0
github.com/aequo-labs/forgexml-scap/cmd/ui/internal/state/xml_state.go:2121.3,2126.18 6 1
github.com/aequo-labs/forgexml-scap/cmd/ui/internal/state/xml_state.go:2127.34,2129.44 2 1
github.com/aequo-labs/forgexml-scap/cmd/ui/internal/state/xml_state.go:2129.44,2130.57 1 0
github.com/aequo-labs/forgexml-scap/cmd/ui/internal/state/xml_state.go:2130.57,2132.5 1 0
github.com/aequo-labs/forgexml-scap/cmd/ui/internal/state/xml_state.go:2134.3,2139.18 6 1
github.com/aequo-labs/forgexml-scap/cmd/ui/internal/state/xml_state.go:2140.31,2142.44 2 1
github.com/aequo-labs/forgexml-scap/cmd/ui/internal/state/xml_state.go:2142.44,2143.57 1 0
github.com/aequo-labs/forgexml-scap/cmd/ui/internal/state/xml_state.go:2143.57,2145.5 1 0
github.com/aequo-labs/forgexml-scap/cmd/ui/internal/state/xml_state.go:2147.3,2152.18 6 1
github.com/aequo-labs/forgexml-scap/cmd/ui/internal/state/xml_state.go:2153.29,2155.44 2 1
github.com/aequo-labs/forgexml-scap/cmd/ui/internal/state/xml_state.go:2155.44,2156.57 1 0
github.com/aequo-labs/forgexml-scap/cmd/ui/internal/state/xml_state.go:2156.57,2158.5 1 0
github.com/aequo-labs/forgexml-scap/cmd/ui/internal/state/xml_state.go:2160.3,2165.18 6 1
github.com/aequo-labs/forgexml-scap/cmd/ui/internal/state/xml_state.go:2166.40,2168.44 2 1
github.com/aequo-labs/forgexml-scap/cmd/ui/internal/state/xml_state.go:2168.44,2169.57 1 0
github.com/aequo-labs/forgexml-scap/cmd/ui/internal/state/xml_state.go:2169.57,2171.5 1 0
github.com/aequo-labs/forgexml-scap/cmd/ui/internal/state/xml_state.go:2173.3,2178.18 6 1
github.com/aequo-labs/forgexml-scap/cmd/ui/internal/state/xml_state.go:2179.34,2181.44 2 1
github.com/aequo-labs/forgexml-scap/cmd/ui/internal/state/xml_state.go:2181.44,2182.57 1 0
github.com/aequo-labs/forgexml-scap/cmd/ui/internal/state/xml_state.go:2182.57,2184.5 1 0
github.com/aequo-labs/forgexml-scap/cmd/ui/internal/state/xml_state.go:2186.3,2191.18 6 1
github.com/aequo-labs/forgexml-scap/cmd/ui/internal/state/xml_state.go:2192.30,2194.44 2 1
github.com/aequo-labs/forgexml-scap/cmd/ui/internal/state/xml_state.go:2194.44,2195.57 1 0
github.com/aequo-labs/forgexml-scap/cmd/ui/internal/state/xml_state.go:2195.57,2197.5 1 0
github.com/aequo-labs/forgexml-scap/cmd/ui/internal/state/xml_state.go:2199.3,2204.18 6 1
github.com/aequo-labs/forgexml-scap/cmd/ui/internal/state/xml_state.go:2205.40,2207.44 2 1
github.com/aequo-labs/forgexml-scap/cmd/ui/internal/state/xml_state.go:2207.44,2208.57 1 0
github.com/aequo-labs/forgexml-scap/cmd/ui/internal/state/xml_state.go:2208.57,2210.5 1 0
github.com/aequo-labs/forgexml-scap/cmd/ui/internal/state/xml_state.go:2212.3,2217.18 6 1
github.com/aequo-labs/forgexml-scap/cmd/ui/internal/state/xml_state.go:2218.30,2220.44 2 1
github.com/aequo-labs/forgexml-scap/cmd/ui/internal/state/xml_state.go:2220.44,2221.57 1 0
github.com/aequo-labs/forgexml-scap/cmd/ui/internal/state/xml_state.go:2221.57,2223.5 1 0
github.com/aequo-labs/forgexml-scap/cmd/ui/internal/state/xml_state.go:2225.3,2230.18 6 1
github.com/aequo-labs/forgexml-scap/cmd/ui/internal/state/xml_state.go:2231.35,2233.44 2 1
github.com/aequo-labs/forgexml-scap/cmd/ui/internal/state/xml_state.go:2233.44,2234.57 1 0
github.com/aequo-labs/forgexml-scap/cmd/ui/internal/state/xml_state.go:2234.57,2236.5 1 0
github.com/aequo-labs/forgexml-scap/cmd/ui/internal/state/xml_state.go:2238.3,2243.18 6 1
github.com/aequo-labs/forgexml-scap/cmd/ui/internal/state/xml_state.go:2244.40,2246.44 2 1
github.com/aequo-labs/forgexml-scap/cmd/ui/internal/state/xml_state.go:2246.44,2247.57 1 0
github.com/aequo-labs/forgexml-scap/cmd/ui/internal/state/xml_state.go:2247.57,2249.5 1 0
github.com/aequo-labs/forgexml-scap/cmd/ui/internal/state/xml_state.go:2251.3,2256.18 6 1
github.com/aequo-labs/forgexml-scap/cmd/ui/internal/state/xml_state.go:2257.34,2259.44 2 1
github.com/aequo-labs/forgexml-scap/cmd/ui/internal/state/xml_state.go:2259.44,2260.57 1 0
github.com/aequo-labs/forgexml-scap/cmd/ui/internal/state/xml_state.go:2260.57,2262.5 1 0
github.com/aequo-labs/forgexml-scap/cmd/ui/internal/state/xml_state.go:2264.3,2269.18 6 1
github.com/aequo-labs/forgexml-scap/cmd/ui/internal/state/xml_state.go:2270.28,2272.44 2 1
github.com/aequo-labs/forgexml-scap/cmd/ui/internal/state/xml_state.go:2272.44,2273.57 1 0
github.com/aequo-labs/forgexml-scap/cmd/ui/internal/state/xml_state.go:2273.57,2275.5 1 0
github.com/aequo-labs/forgexml-scap/cmd/ui/internal/state/xml_state.go:2277.3,2282.18 6 1
github.com/aequo-labs/forgexml-scap/cmd/ui/internal/state/xml_state.go:2283.31,2285.44 2 1
github.com/aequo-labs/forgexml-scap/cmd/ui/internal/state/xml_state.go:2285.44,2286.57 1 0
github.com/aequo-labs/forgexml-scap/cmd/ui/internal/state/xml_state.go:2286.57,2288.5 1 0
github.com/aequo-labs/forgexml-scap/cmd/ui/internal/state/xml_state.go:2290.3,2295.18 6 1
github.com/aequo-labs/forgexml-scap/cmd/ui/internal/state/xml_state.go:2296.31,2298.44 2 1
github.com/aequo-labs/forgexml-scap/cmd/ui/internal/state/xml_state.go:2298.44,2299.57 1 0
github.com/aequo-labs/forgexml-scap/cmd/ui/internal/state/xml_state.go:2299.57,2301.5 1 0
github.com/aequo-labs/forgexml-scap/cmd/ui/internal/state/xml_state.go:2303.3,2308.18 6 1
github.com/aequo-labs/forgexml-scap/cmd/ui/internal/state/xml_state.go:2309.32,2311.44 2 1
github.com/aequo-labs/forgexml-scap/cmd/ui/internal/state/xml_state.go:2311.44,2312.57 1 0
github.com/aequo-labs/forgexml-scap/cmd/ui/internal/state/xml_state.go:2312.57,2314.5 1 0
github.com/aequo-labs/forgexml-scap/cmd/ui/internal/state/xml_state.go:2316.3,2321.18 6 1
github.com/aequo-labs/forgexml-scap/cmd/ui/internal/state/xml_state.go:2322.33,2324.44 2 1
github.com/aequo-labs/forgexml-scap/cmd/ui/internal/state/xml_state.go:2324.44,2325.57 1 0
github.com/aequo-labs/forgexml-scap/cmd/ui/internal/state/xml_state.go:2325.57,2327.5 1 0
github.com/aequo-labs/forgexml-scap/cmd/ui/internal/state/xml_state.go:2329.3,2334.18 6 1
github.com/aequo-labs/forgexml-scap/cmd/ui/internal/state/xml_state.go:2335.30,2337.44 2 1
github.com/aequo-labs/forgexml-scap/cmd/ui/internal/state/xml_state.go:2337.44,2338.57 1 0
github.com/aequo-labs/forgexml-scap/cmd/ui/internal/state/xml_state.go:2338.57,2340.5 1 0
github.com/aequo-labs/forgexml-scap/cmd/ui/internal/state/xml_state.go:2342.3,2347.18 6 1
github.com/aequo-labs/forgexml-scap/cmd/ui/internal/state/xml_state.go:2348.30,2350.44 2 1
github.com/aequo-labs/forgexml-scap/cmd/ui/internal/state/xml_state.go:2350.44,2351.57 1 0
github.com/aequo-labs/forgexml-scap/cmd/ui/internal/state/xml_state.go:2351.57,2353.5 1 0
github.com/aequo-labs/forgexml-scap/cmd/ui/internal/state/xml_state.go:2355.3,2360.18 6 1
github.com/aequo-labs/forgexml-scap/cmd/ui/internal/state/xml_state.go:2361.18,2363.44 2 1
github.com/aequo-labs/forgexml-scap/cmd/ui/internal/state/xml_state.go:2363.44,2364.57 1 0
github.com/aequo-labs/forgexml-scap/cmd/ui/internal/state/xml_state.go:2364.57,2366.5 1 0
github.com/aequo-labs/forgexml-scap/cmd/ui/internal/state/xml_state.go:2368.3,2373.18 6 1
github.com/aequo-labs/forgexml-scap/cmd/ui/internal/state/xml_state.go:2374.33,2376.44 2 1
github.com/aequo-labs/forgexml-scap/cmd/ui/internal/state/xml_state.go:2376.44,2377.57 1 0
github.com/aequo-labs/forgexml-scap/cmd/ui/internal/state/xml_state.go:2377.57,2379.5 1 0
github.com/aequo-labs/forgexml-scap/cmd/ui/internal/state/xml_state.go:2381.3,2386.18 6 1
github.com/aequo-labs/forgexml-scap/cmd/ui/internal/state/xml_state.go:2387.40,2389.44 2 1
github.com/aequo-labs/forgexml-scap/cmd/ui/internal/state/xml_state.go:2389.44,2390.57 1 0
github.com/aequo-labs/forgexml-scap/cmd/ui/internal/state/xml_state.go:2390.57,2392.5 1 0
github.com/aequo-labs/forgexml-scap/cmd/ui/internal/state/xml_state.go:2394.3,2399.18 6 1
github.com/aequo-labs/forgexml-scap/cmd/ui/internal/state/xml_state.go:2400.34,2402.44 2 1
github.com/aequo-labs/forgexml-scap/cmd/ui/internal/state/xml_state.go:2402.44,2403.57 1 0
github.com/aequo-labs/forgexml-scap/cmd/ui/internal/state/xml_state.go:2403.57,2405.5 1 0
github.com/aequo-labs/forgexml-scap/cmd/ui/internal/state/xml_state.go:2407.3,2412.18 6 1
github.com/aequo-labs/forgexml-scap/cmd/ui/internal/state/xml_state.go:2413.34,2415.44 2 1
github.com/aequo-labs/forgexml-scap/cmd/ui/internal/state/xml_state.go:2415.44,2416.57 1 0
github.com/aequo-labs/forgexml-scap/cmd/ui/internal/state/xml_state.go:2416.57,2418.5 1 0
github.com/aequo-labs/forgexml-scap/cmd/ui/internal/state/xml_state.go:2420.3,2425.18 6 1
github.com/aequo-labs/forgexml-scap/cmd/ui/internal/state/xml_state.go:2426.38,2428.44 2 1
github.com/aequo-labs/forgexml-scap/cmd/ui/internal/state/xml_state.go:2428.44,2429.57 1 0
github.com/aequo-labs/forgexml-scap/cmd/ui/internal/state/xml_state.go:2429.57,2431.5 1 0
github.com/aequo-labs/forgexml-scap/cmd/ui/internal/state/xml_state.go:2433.3,2438.18 6 1
github.com/aequo-labs/forgexml-scap/cmd/ui/internal/state/xml_state.go:2439.21,2441.44 2 1
github.com/aequo-labs/forgexml-scap/cmd/ui/internal/state/xml_state.go:2441.44,2442.57 1 0
github.com/aequo-labs/forgexml-scap/cmd/ui/internal/state/xml_state.go:2442.57,2444.5 1 0
github.com/aequo-labs/forgexml-scap/cmd/ui/internal/state/xml_state.go:2446.3,2451.18 6 1
github.com/aequo-labs/forgexml-scap/cmd/ui/internal/state/xml_state.go:2452.18,2454.44 2 1
github.com/aequo-labs/forgexml-scap/cmd/ui/internal/state/xml_state.go:2454.44,2455.57 1 0
github.com/aequo-labs/forgexml-scap/cmd/ui/internal/state/xml_state.go:2455.57,2457.5 1 0
github.com/aequo-labs/forgexml-scap/cmd/ui/internal/state/xml_state.go:2459.3,2464.18 6 1
github.com/aequo-labs/forgexml-scap/cmd/ui/internal/state/xml_state.go:2465.27,2467.44 2 1
github.com/aequo-labs/forgexml-scap/cmd/ui/internal/state/xml_state.go:2467.44,2468.57 1 0
github.com/aequo-labs/forgexml-scap/cmd/ui/internal/state/xml_state.go:2468.57,2470.5 1 0
github.com/aequo-labs/forgexml-scap/cmd/ui/internal/state/xml_state.go:2472.3,2477.18 6 1
github.com/aequo-labs/forgexml-scap/cmd/ui/internal/state/xml_state.go:2478.33,2480.44 2 1
github.com/aequo-labs/forgexml-scap/cmd/ui/internal/state/xml_state.go:2480.44,2481.57 1 0
github.com/aequo-labs/forgexml-scap/cmd/ui/internal/state/xml_state.go:2481.57,2483.5 1 0
github.com/aequo-labs/forgexml-scap/cmd/ui/internal/state/xml_state.go:2485.3,2490.18 6 1
github.com/aequo-labs/forgexml-scap/cmd/ui/internal/state/xml_state.go:2491.23,2493.44 2 1
github.com/aequo-labs/forgexml-scap/cmd/ui/internal/state/xml_state.go:2493.44,2494.57 1 0
github.com/aequo-labs/forgexml-scap/cmd/ui/internal/state/xml_state.go:2494.57,2496.5 1 0
github.com/aequo-labs/forgexml-scap/cmd/ui/internal/state/xml_state.go:2498.3,2503.18 6 1
github.com/aequo-labs/forgexml-scap/cmd/ui/internal/state/xml_state.go:2504.27,2506.44 2 1
github.com/aequo-labs/forgexml-scap/cmd/ui/internal/state/xml_state.go:2506.44,2507.57 1 0
github.com/aequo-labs/forgexml-scap/cmd/ui/internal/state/xml_state.go:2507.57,2509.5 1 0
github.com/aequo-labs/forgexml-scap/cmd/ui/internal/state/xml_state.go:2511.3,2516.18 6 1
github.com/aequo-labs/forgexml-scap/cmd/ui/internal/state/xml_state.go:2517.29,2519.44 2 1
github.com/aequo-labs/forgexml-scap/cmd/ui/internal/state/xml_state.go:2519.44,2520.57 1 0
github.com/aequo-labs/forgexml-scap/cmd/ui/internal/state/xml_state.go:2520.57,2522.5 1 0
github.com/aequo-labs/forgexml-scap/cmd/ui/internal/state/xml_state.go:2524.3,2529.18 6 1
github.com/aequo-labs/forgexml-scap/cmd/ui/internal/state/xml_state.go:2530.18,2532.44 2 1
github.com/aequo-labs/forgexml-scap/cmd/ui/internal/state/xml_state.go:2532.44,2533.57 1 0
github.com/aequo-labs/forgexml-scap/cmd/ui/internal/state/xml_state.go:2533.57,2535.5 1 0
github.com/aequo-labs/forgexml-scap/cmd/ui/internal/state/xml_state.go:2537.3,2542.18 6 1
github.com/aequo-labs/forgexml-scap/cmd/ui/internal/state/xml_state.go:2543.30,2545.44 2 1
github.com/aequo-labs/forgexml-scap/cmd/ui/internal/state/xml_state.go:2545.44,2546.57 1 0
github.com/aequo-labs/forgexml-scap/cmd/ui/internal/state/xml_state.go:2546.57,2548.5 1 0
github.com/aequo-labs/forgexml-scap/cmd/ui/internal/state/xml_state.go:2550.3,2555.18 6 1
github.com/aequo-labs/forgexml-scap/cmd/ui/internal/state/xml_state.go:2556.29,2558.44 2 1
github.com/aequo-labs/forgexml-scap/cmd/ui/internal/state/xml_state.go:2558.44,2559.57 1 0
github.com/aequo-labs/forgexml-scap/cmd/ui/internal/state/xml_state.go:2559.57,2561.5 1 0
github.com/aequo-labs/forgexml-scap/cmd/ui/internal/state/xml_state.go:2563.3,2568.18 6 1
github.com/aequo-labs/forgexml-scap/cmd/ui/internal/state/xml_state.go:2569.21,2571.44 2 1
github.com/aequo-labs/forgexml-scap/cmd/ui/internal/state/xml_state.go:2571.44,2572.57 1 0
github.com/aequo-labs/forgexml-scap/cmd/ui/internal/state/xml_state.go:2572.57,2574.5 1 0
github.com/aequo-labs/forgexml-scap/cmd/ui/internal/state/xml_state.go:2576.3,2581.18 6 1
github.com/aequo-labs/forgexml-scap/cmd/ui/internal/state/xml_state.go:2582.17,2584.44 2 1
github.com/aequo-labs/forgexml-scap/cmd/ui/internal/state/xml_state.go:2584.44,2585.57 1 0
github.com/aequo-labs/forgexml-scap/cmd/ui/internal/state/xml_state.go:2585.57,2587.5 1 0
github.com/aequo-labs/forgexml-scap/cmd/ui/internal/state/xml_state.go:2589.3,2594.18 6 1
github.com/aequo-labs/forgexml-scap/cmd/ui/internal/state/xml_state.go:2595.31,2597.44 2 1
github.com/aequo-labs/forgexml-scap/cmd/ui/internal/state/xml_state.go:2597.44,2598.57 1 0
github.com/aequo-labs/forgexml-scap/cmd/ui/internal/state/xml_state.go:2598.57,2600.5 1 0
github.com/aequo-labs/forgexml-scap/cmd/ui/internal/state/xml_state.go:2602.3,2607.18 6 1
github.com/aequo-labs/forgexml-scap/cmd/ui/internal/state/xml_state.go:2608.21,2610.44 2 1
github.com/aequo-labs/forgexml-scap/cmd/ui/internal/state/xml_state.go:2610.44,2611.57 1 0
github.com/aequo-labs/forgexml-scap/cmd/ui/internal/state/xml_state.go:2611.57,2613.5 1 0
github.com/aequo-labs/forgexml-scap/cmd/ui/internal/state/xml_state.go:2615.3,2620.18 6 1
github.com/aequo-labs/forgexml-scap/cmd/ui/internal/state/xml_state.go:2621.25,2623.44 2 1
github.com/aequo-labs/forgexml-scap/cmd/ui/internal/state/xml_state.go:2623.44,2624.57 1 0
github.com/aequo-labs/forgexml-scap/cmd/ui/internal/state/xml_state.go:2624.57,2626.5 1 0
github.com/aequo-labs/forgexml-scap/cmd/ui/internal/state/xml_state.go:2628.3,2633.18 6 1
github.com/aequo-labs/forgexml-scap/cmd/ui/internal/state/xml_state.go:2634.18,2636.44 2 1
github.com/aequo-labs/forgexml-scap/cmd/ui/internal/state/xml_state.go:2636.44,2637.57 1 0
github.com/aequo-labs/forgexml-scap/cmd/ui/internal/state/xml_state.go:2637.57,2639.5 1 0
github.com/aequo-labs/forgexml-scap/cmd/ui/internal/state/xml_state.go:2641.3,2646.18 6 1
github.com/aequo-labs/forgexml-scap/cmd/ui/internal/state/xml_state.go:2647.18,2649.44 2 1
github.com/aequo-labs/forgexml-scap/cmd/ui/internal/state/xml_state.go:2649.44,2650.57 1 0
github.com/aequo-labs/forgexml-scap/cmd/ui/internal/state/xml_state.go:2650.57,2652.5 1 0
github.com/aequo-labs/forgexml-scap/cmd/ui/internal/state/xml_state.go:2654.3,2659.18 6 1
github.com/aequo-labs/forgexml-scap/cmd/ui/internal/state/xml_state.go:2660.25,2662.44 2 1
github.com/aequo-labs/forgexml-scap/cmd/ui/internal/state/xml_state.go:2662.44,2663.57 1 0
github.com/aequo-labs/forgexml-scap/cmd/ui/internal/state/xml_state.go:2663.57,2665.5 1 0
github.com/aequo-labs/forgexml-scap/cmd/ui/internal/state/xml_state.go:2667.3,2672.18 6 1
github.com/aequo-labs/forgexml-scap/cmd/ui/internal/state/xml_state.go:2673.34,2675.44 2 1
github.com/aequo-labs/forgexml-scap/cmd/ui/internal/state/xml_state.go:2675.44,2676.57 1 0
github.com/aequo-labs/forgexml-scap/cmd/ui/internal/state/xml_state.go:2676.57,2678.5 1 0
github.com/aequo-labs/forgexml-scap/cmd/ui/internal/state/xml_state.go:2680.3,2685.18 6 1
github.com/aequo-labs/forgexml-scap/cmd/ui/internal/state/xml_state.go:2686.41,2688.44 2 1
github.com/aequo-labs/forgexml-scap/cmd/ui/internal/state/xml_state.go:2688.44,2689.57 1 0
github.com/aequo-labs/forgexml-scap/cmd/ui/internal/state/xml_state.go:2689.57,2691.5 1 0
github.com/aequo-labs/forgexml-scap/cmd/ui/internal/state/xml_state.go:2693.3,2698.18 6 1
github.com/aequo-labs/forgexml-scap/cmd/ui/internal/state/xml_state.go:2699.23,2701.44 2 1
github.com/aequo-labs/forgexml-scap/cmd/ui/internal/state/xml_state.go:2701.44,2702.57 1 0
github.com/aequo-labs/forgexml-scap/cmd/ui/internal/state/xml_state.go:2702.57,2704.5 1 0
github.com/aequo-labs/forgexml-scap/cmd/ui/internal/state/xml_state.go:2706.3,2711.18 6 1
github.com/aequo-labs/forgexml-scap/cmd/ui/internal/state/xml_state.go:2712.33,2714.44 2 1
github.com/aequo-labs/forgexml-scap/cmd/ui/internal/state/xml_state.go:2714.44,2715.57 1 0
github.com/aequo-labs/forgexml-scap/cmd/ui/internal/state/xml_state.go:2715.57,2717.5 1 0
github.com/aequo-labs/forgexml-scap/cmd/ui/internal/state/xml_state.go:2719.3,2724.18 6 1
github.com/aequo-labs/forgexml-scap/cmd/ui/internal/state/xml_state.go:2725.22,2727.44 2 1
github.com/aequo-labs/forgexml-scap/cmd/ui/internal/state/xml_state.go:2727.44,2728.57 1 0
github.com/aequo-labs/forgexml-scap/cmd/ui/internal/state/xml_state.go:2728.57,2730.5 1 0
github.com/aequo-labs/forgexml-scap/cmd/ui/internal/state/xml_state.go:2732.3,2737.18 6 1
github.com/aequo-labs/forgexml-scap/cmd/ui/internal/state/xml_state.go:2738.21,2740.44 2 1
github.com/aequo-labs/forgexml-scap/cmd/ui/internal/state/xml_state.go:2740.44,2741.57 1 0
github.com/aequo-labs/forgexml-scap/cmd/ui/internal/state/xml_state.go:2741.57,2743.5 1 0
github.com/aequo-labs/forgexml-scap/cmd/ui/internal/state/xml_state.go:2745.3,2750.18 6 1
github.com/aequo-labs/forgexml-scap/cmd/ui/internal/state/xml_state.go:2751.19,2753.44 2 1
github.com/aequo-labs/forgexml-scap/cmd/ui/internal/state/xml_state.go:2753.44,2754.57 1 0
github.com/aequo-labs/forgexml-scap/cmd/ui/internal/state/xml_state.go:2754.57,2756.5 1 0
github.com/aequo-labs/forgexml-scap/cmd/ui/internal/state/xml_state.go:2758.3,2763.18 6 1
github.com/aequo-labs/forgexml-scap/cmd/ui/internal/state/xml_state.go:2764.30,2766.44 2 1
github.com/aequo-labs/forgexml-scap/cmd/ui/internal/state/xml_state.go:2766.44,2767.57 1 0
github.com/aequo-labs/forgexml-scap/cmd/ui/internal/state/xml_state.go:2767.57,2769.5 1 0
github.com/aequo-labs/forgexml-scap/cmd/ui/internal/state/xml_state.go:2771.3,2776.18 6 1
github.com/aequo-labs/forgexml-scap/cmd/ui/internal/state/xml_state.go:2777.25,2779.44 2 1
github.com/aequo-labs/forgexml-scap/cmd/ui/internal/state/xml_state.go:2779.44,2780.57 1 0
github.com/aequo-labs/forgexml-scap/cmd/ui/internal/state/xml_state.go:2780.57,2782.5 1 0
github.com/aequo-labs/forgexml-scap/cmd/ui/internal/state/xml_state.go:2784.3,2789.18 6 1
github.com/aequo-labs/forgexml-scap/cmd/ui/internal/state/xml_state.go:2790.29,2792.44 2 1
github.com/aequo-labs/forgexml-scap/cmd/ui/internal/state/xml_state.go:2792.44,2793.57 1 0
github.com/aequo-labs/forgexml-scap/cmd/ui/internal/state/xml_state.go:2793.57,2795.5 1 0
github.com/aequo-labs/forgexml-scap/cmd/ui/internal/state/xml_state.go:2797.3,2802.18 6 1
github.com/aequo-labs/forgexml-scap/cmd/ui/internal/state/xml_state.go:2803.22,2805.44 2 1
github.com/aequo-labs/forgexml-scap/cmd/ui/internal/state/xml_state.go:2805.44,2806.57 1 0
github.com/aequo-labs/forgexml-scap/cmd/ui/internal/state/xml_state.go:2806.57,2808.5 1 0
github.com/aequo-labs/forgexml-scap/cmd/ui/internal/state/xml_state.go:2810.3,2815.18 6 1
github.com/aequo-labs/forgexml-scap/cmd/ui/internal/state/xml_state.go:2816.18,2818.44 2 1
github.com/aequo-labs/forgexml-scap/cmd/ui/internal/state/xml_state.go:2818.44,2819.57 1 0
github.com/aequo-labs/forgexml-scap/cmd/ui/internal/state/xml_state.go:2819.57,2821.5 1 0
github.com/aequo-labs/forgexml-scap/cmd/ui/internal/state/xml_state.go:2823.3,2828.18 6 1
github.com/aequo-labs/forgexml-scap/cmd/ui/internal/state/xml_state.go:2829.22,2831.44 2 1
github.com/aequo-labs/forgexml-scap/cmd/ui/internal/state/xml_state.go:2831.44,2832.57 1 0
github.com/aequo-labs/forgexml-scap/cmd/ui/internal/state/xml_state.go:2832.57,2834.5 1 0
github.com/aequo-labs/forgexml-scap/cmd/ui/internal/state/xml_state.go:2836.3,2841.18 6 1
github.com/aequo-labs/forgexml-scap/cmd/ui/internal/state/xml_state.go:2842.29,2844.44 2 1
github.com/aequo-labs/forgexml-scap/cmd/ui/internal/state/xml_state.go:2844.44,2845.57 1 0
github.com/aequo-labs/forgexml-scap/cmd/ui/internal/state/xml_state.go:2845.57,2847.5 1 0
github.com/aequo-labs/forgexml-scap/cmd/ui/internal/state/xml_state.go:2849.3,2854.18 6 1
github.com/aequo-labs/forgexml-scap/cmd/ui/internal/state/xml_state.go:2855.19,2857.44 2 1
github.com/aequo-labs/forgexml-scap/cmd/ui/internal/state/xml_state.go:2857.44,2858.57 1 0
github.com/aequo-labs/forgexml-scap/cmd/ui/internal/state/xml_state.go:2858.57,2860.5 1 0
github.com/aequo-labs/forgexml-scap/cmd/ui/internal/state/xml_state.go:2862.3,2867.18 6 1
github.com/aequo-labs/forgexml-scap/cmd/ui/internal/state/xml_state.go:2868.22,2870.44 2 1
github.com/aequo-labs/forgexml-scap/cmd/ui/internal/state/xml_state.go:2870.44,2871.57 1 0
github.com/aequo-labs/forgexml-scap/cmd/ui/internal/state/xml_state.go:2871.57,2873.5 1 0
github.com/aequo-labs/forgexml-scap/cmd/ui/internal/state/xml_state.go:2875.3,2880.18 6 1
github.com/aequo-labs/forgexml-scap/cmd/ui/internal/state/xml_state.go:2881.23,2883.44 2 1
github.com/aequo-labs/forgexml-scap/cmd/ui/internal/state/xml_state.go:2883.44,2884.57 1 0
github.com/aequo-labs/forgexml-scap/cmd/ui/internal/state/xml_state.go:2884.57,2886.5 1 0
github.com/aequo-labs/forgexml-scap/cmd/ui/internal/state/xml_state.go:2888.3,2893.18 6 1
github.com/aequo-labs/forgexml-scap/cmd/ui/internal/state/xml_state.go:2894.19,2896.44 2 1
github.com/aequo-labs/forgexml-scap/cmd/ui/internal/state/xml_state.go:2896.44,2897.57 1 0
github.com/aequo-labs/forgexml-scap/cmd/ui/internal/state/xml_state.go:2897.57,2899.5 1 0
github.com/aequo-labs/forgexml-scap/cmd/ui/internal/state/xml_state.go:2901.3,2906.18 6 1
github.com/aequo-labs/forgexml-scap/cmd/ui/internal/state/xml_state.go:2907.35,2909.44 2 1
github.com/aequo-labs/forgexml-scap/cmd/ui/internal/state/xml_state.go:2909.44,2910.57 1 0
github.com/aequo-labs/forgexml-scap/cmd/ui/internal/state/xml_state.go:2910.57,2912.5 1 0
github.com/aequo-labs/forgexml-scap/cmd/ui/internal/state/xml_state.go:2914.3,2919.18 6 1
github.com/aequo-labs/forgexml-scap/cmd/ui/internal/state/xml_state.go:2920.25,2922.44 2 1
github.com/aequo-labs/forgexml-scap/cmd/ui/internal/state/xml_state.go:2922.44,2923.57 1 0
github.com/aequo-labs/forgexml-scap/cmd/ui/internal/state/xml_state.go:2923.57,2925.5 1 0
github.com/aequo-labs/forgexml-scap/cmd/ui/internal/state/xml_state.go:2927.3,2932.18 6 1
github.com/aequo-labs/forgexml-scap/cmd/ui/internal/state/xml_state.go:2933.33,2935.44 2 1
github.com/aequo-labs/forgexml-scap/cmd/ui/internal/state/xml_state.go:2935.44,2936.57 1 0
github.com/aequo-labs/forgexml-scap/cmd/ui/internal/state/xml_state.go:2936.57,2938.5 1 0
github.com/aequo-labs/forgexml-scap/cmd/ui/internal/state/xml_state.go:2940.3,2945.18 6 1
github.com/aequo-labs/forgexml-scap/cmd/ui/internal/state/xml_state.go:2946.28,2948.44 2 1
github.com/aequo-labs/forgexml-scap/cmd/ui/internal/state/xml_state.go:2948.44,2949.57 1 0
github.com/aequo-labs/forgexml-scap/cmd/ui/internal/state/xml_state.go:2949.57,2951.5 1 0
github.com/aequo-labs/forgexml-scap/cmd/ui/internal/state/xml_state.go:2953.3,2958.18 6 1
github.com/aequo-labs/forgexml-scap/cmd/ui/internal/state/xml_state.go:2959.27,2961.44 2 1
github.com/aequo-labs/forgexml-scap/cmd/ui/internal/state/xml_state.go:2961.44,2962.57 1 0
github.com/aequo-labs/forgexml-scap/cmd/ui/internal/state/xml_state.go:2962.57,2964.5 1 0
github.com/aequo-labs/forgexml-scap/cmd/ui/internal/state/xml_state.go:2966.3,2971.18 6 1
github.com/aequo-labs/forgexml-scap/cmd/ui/internal/state/xml_state.go:2972.26,2974.44 2 1
github.com/aequo-labs/forgexml-scap/cmd/ui/internal/state/xml_state.go:2974.44,2975.57 1 0
github.com/aequo-labs/forgexml-scap/cmd/ui/internal/state/xml_state.go:2975.57,2977.5 1 0
github.com/aequo-labs/forgexml-scap/cmd/ui/internal/state/xml_state.go:2979.3,2984.18 6 1
github.com/aequo-labs/forgexml-scap/cmd/ui/internal/state/xml_state.go:2985.23,2987.44 2 1
github.com/aequo-labs/forgexml-scap/cmd/ui/internal/state/xml_state.go:2987.44,2988.57 1 0
github.com/aequo-labs/forgexml-scap/cmd/ui/internal/state/xml_state.go:2988.57,2990.5 1 0
github.com/aequo-labs/forgexml-scap/cmd/ui/internal/state/xml_state.go:2992.3,2997.18 6 1
github.com/aequo-labs/forgexml-scap/cmd/ui/internal/state/xml_state.go:2998.31,3000.44 2 1
github.com/aequo-labs/forgexml-scap/cmd/ui/internal/state/xml_state.go:3000.44,3001.57 1 0
github.com/aequo-labs/forgexml-scap/cmd/ui/internal/state/xml_state.go:3001.57,3003.5 1 0
github.com/aequo-labs/forgexml-scap/cmd/ui/internal/state/xml_state.go:3005.3,3010.18 6 1
github.com/aequo-labs/forgexml-scap/cmd/ui/internal/state/xml_state.go:3011.25,3013.44 2 1
github.com/aequo-labs/forgexml-scap/cmd/ui/internal/state/xml_state.go:3013.44,3014.57 1 0
github.com/aequo-labs/forgexml-scap/cmd/ui/internal/state/xml_state.go:3014.57,3016.5 1 0
github.com/aequo-labs/forgexml-scap/cmd/ui/internal/state/xml_state.go:3018.3,3023.18 6 1
github.com/aequo-labs/forgexml-scap/cmd/ui/internal/state/xml_state.go:3024.25,3026.44 2 1
github.com/aequo-labs/forgexml-scap/cmd/ui/internal/state/xml_state.go:3026.44,3027.57 1 0
github.com/aequo-labs/forgexml-scap/cmd/ui/internal/state/xml_state.go:3027.57,3029.5 1 0
github.com/aequo-labs/forgexml-scap/cmd/ui/internal/state/xml_state.go:3031.3,3036.18 6 1
github.com/aequo-labs/forgexml-scap/cmd/ui/internal/state/xml_state.go:3037.18,3039.44 2 1
github.com/aequo-labs/forgexml-scap/cmd/ui/internal/state/xml_state.go:3039.44,3040.57 1 0
github.com/aequo-labs/forgexml-scap/cmd/ui/internal/state/xml_state.go:3040.57,3042.5 1 0
github.com/aequo-labs/forgexml-scap/cmd/ui/internal/state/xml_state.go:3044.3,3049.18 6 1
github.com/aequo-labs/forgexml-scap/cmd/ui/internal/state/xml_state.go:3050.18,3052.44 2 1
github.com/aequo-labs/forgexml-scap/cmd/ui/internal/state/xml_state.go:3052.44,3053.57 1 0
github.com/aequo-labs/forgexml-scap/cmd/ui/internal/state/xml_state.go:3053.57,3055.5 1 0
github.com/aequo-labs/forgexml-scap/cmd/ui/internal/state/xml_state.go:3057.3,3062.18 6 1
github.com/aequo-labs/forgexml-scap/cmd/ui/internal/state/xml_state.go:3063.24,3065.44 2 1
github.com/aequo-labs/forgexml-scap/cmd/ui/internal/state/xml_state.go:3065.44,3066.57 1 0
github.com/aequo-labs/forgexml-scap/cmd/ui/internal/state/xml_state.go:3066.57,3068.5 1 0
github.com/aequo-labs/forgexml-scap/cmd/ui/internal/state/xml_state.go:3070.3,3075.18 6 1
github.com/aequo-labs/forgexml-scap/cmd/ui/internal/state/xml_state.go:3076.21,3078.44 2 1
github.com/aequo-labs/forgexml-scap/cmd/ui/internal/state/xml_state.go:3078.44,3079.57 1 0
github.com/aequo-labs/forgexml-scap/cmd/ui/internal/state/xml_state.go:3079.57,3081.5 1 0
github.com/aequo-labs/forgexml-scap/cmd/ui/internal/state/xml_state.go:3083.3,3088.18 6 1
[...]
github.com/aequo-labs/forgexml-scap/cmd/ui/internal/state/xml_state.go:33556.26,33562.9 1 0
github.com/aequo-labs/forgexml-scap/cmd/ui/internal/state/xml_state.go:33563.18,33569.9 1 0
github.com/aequo-labs/forgexml-scap/cmd/ui/internal/state/xml_state.go:33570.26,33585.9 1 0
github.com/aequo-labs/forgexml-scap/cmd/ui/internal/state/xml_state.go:33586.32,33610.9 1 0
github.com/aequo-labs/forgexml-scap/cmd/ui/internal/state/xml_state.go:33611.29,33635.9 1 0
github.com/aequo-labs/forgexml-scap/cmd/ui/internal/state/xml_state.go:33636.36,33651.9 1 0
github.com/aequo-labs/forgexml-scap/cmd/ui/internal/state/xml_state.go:33652.33,33667.9 1 0
github.com/aequo-labs/forgexml-scap/cmd/ui/internal/state/xml_state.go:33668.34,33691.9 1 0
github.com/aequo-labs/forgexml-scap/cmd/ui/internal/state/xml_state.go:33692.31,33715.9 1 0
github.com/aequo-labs/forgexml-scap/cmd/ui/internal/state/xml_state.go:33716.23,33722.9 1 0
github.com/aequo-labs/forgexml-scap/cmd/ui/internal/state/xml_state.go:33723.31,33738.9 1 0
github.com/aequo-labs/forgexml-scap/cmd/ui/internal/state/xml_state.go:33739.28,33754.9 1 0
github.com/aequo-labs/forgexml-scap/cmd/ui/internal/state/xml_state.go:33755.27,33770.9 1 0
github.com/aequo-labs/forgexml-scap/cmd/ui/internal/state/xml_state.go:33771.24,33786.9 1 0
github.com/aequo-labs/forgexml-scap/cmd/ui/internal/state/xml_state.go:33787.16,33793.9 1 0
github.com/aequo-labs/forgexml-scap/cmd/ui/internal/state/xml_state.go:33794.35,33800.9 1 0
github.com/aequo-labs/forgexml-scap/cmd/ui/internal/state/xml_state.go:33801.25,33826.9 1 0
github.com/aequo-labs/forgexml-scap/cmd/ui/internal/state/xml_state.go:33827.22,33852.9 1 0
github.com/aequo-labs/forgexml-scap/cmd/ui/internal/state/xml_state.go:33853.32,33868.9 1 0
github.com/aequo-labs/forgexml-scap/cmd/ui/internal/state/xml_state.go:33869.27,33884.9 1 0
github.com/aequo-labs/forgexml-scap/cmd/ui/internal/state/xml_state.go:33885.22,33935.9 1 0
github.com/aequo-labs/forgexml-scap/cmd/ui/internal/state/xml_state.go:33936.24,33942.9 1 0
github.com/aequo-labs/forgexml-scap/cmd/ui/internal/state/xml_state.go:33943.22,33959.9 1 0
github.com/aequo-labs/forgexml-scap/cmd/ui/internal/state/xml_state.go:33960.19,34010.9 1 0
github.com/aequo-labs/forgexml-scap/cmd/ui/internal/state/xml_state.go:34011.20,34017.9 1 0
github.com/aequo-labs/forgexml-scap/cmd/ui/internal/state/xml_state.go:34018.23,34033.9 1 0
github.com/aequo-labs/forgexml-scap/cmd/ui/internal/state/xml_state.go:34034.27,34049.9 1 0
github.com/aequo-labs/forgexml-scap/cmd/ui/internal/state/xml_state.go:34050.20,34056.9 1 0
github.com/aequo-labs/forgexml-scap/cmd/ui/internal/state/xml_state.go:34057.42,34097.9 1 0
github.com/aequo-labs/forgexml-scap/cmd/ui/internal/state/xml_state.go:34098.46,34113.9 1 0
github.com/aequo-labs/forgexml-scap/cmd/ui/internal/state/xml_state.go:34114.39,34120.9 1 0
github.com/aequo-labs/forgexml-scap/cmd/ui/internal/state/xml_state.go:34121.35,34144.9 1 0
github.com/aequo-labs/forgexml-scap/cmd/ui/internal/state/xml_state.go:34145.37,34192.9 1 0
github.com/aequo-labs/forgexml-scap/cmd/ui/internal/state/xml_state.go:34193.43,34216.9 1 0
github.com/aequo-labs/forgexml-scap/cmd/ui/internal/state/xml_state.go:34217.43,34240.9 1 0
github.com/aequo-labs/forgexml-scap/cmd/ui/internal/state/xml_state.go:34241.24,34342.9 1 0
github.com/aequo-labs/forgexml-scap/cmd/ui/internal/state/xml_state.go:34343.17,34359.9 1 0
github.com/aequo-labs/forgexml-scap/cmd/ui/internal/state/xml_state.go:34360.24,34366.9 1 0
github.com/aequo-labs/forgexml-scap/cmd/ui/internal/state/xml_state.go:34367.31,34390.9 1 0
github.com/aequo-labs/forgexml-scap/cmd/ui/internal/state/xml_state.go:34391.27,34414.9 1 0
github.com/aequo-labs/forgexml-scap/cmd/ui/internal/state/xml_state.go:34415.51,34430.9 1 0
github.com/aequo-labs/forgexml-scap/cmd/ui/internal/state/xml_state.go:34431.28,34454.9 1 0
github.com/aequo-labs/forgexml-scap/cmd/ui/internal/state/xml_state.go:34455.32,34478.9 1 0
github.com/aequo-labs/forgexml-scap/cmd/ui/internal/state/xml_state.go:34479.23,34504.9 1 0
github.com/aequo-labs/forgexml-scap/cmd/ui/internal/state/xml_state.go:34505.31,34511.9 1 0
github.com/aequo-labs/forgexml-scap/cmd/ui/internal/state/xml_state.go:34512.20,34537.9 1 0
github.com/aequo-labs/forgexml-scap/cmd/ui/internal/state/xml_state.go:34538.41,34553.9 1 0
github.com/aequo-labs/forgexml-scap/cmd/ui/internal/state/xml_state.go:34554.26,34624.9 1 0
github.com/aequo-labs/forgexml-scap/cmd/ui/internal/state/xml_state.go:34625.25,34631.9 1 0
github.com/aequo-labs/forgexml-scap/cmd/ui/internal/state/xml_state.go:34632.32,34671.9 1 0
github.com/aequo-labs/forgexml-scap/cmd/ui/internal/state/xml_state.go:34672.23,34742.9 1 0
github.com/aequo-labs/forgexml-scap/cmd/ui/internal/state/xml_state.go:34743.30,34758.9 1 0
github.com/aequo-labs/forgexml-scap/cmd/ui/internal/state/xml_state.go:34759.25,34775.9 1 0
github.com/aequo-labs/forgexml-scap/cmd/ui/internal/state/xml_state.go:34776.25,34807.9 1 0
github.com/aequo-labs/forgexml-scap/cmd/ui/internal/state/xml_state.go:34808.32,34814.9 1 0
github.com/aequo-labs/forgexml-scap/cmd/ui/internal/state/xml_state.go:34815.36,34821.9 1 0
github.com/aequo-labs/forgexml-scap/cmd/ui/internal/state/xml_state.go:34822.29,34828.9 1 0
github.com/aequo-labs/forgexml-scap/cmd/ui/internal/state/xml_state.go:34829.21,34897.9 1 0
github.com/aequo-labs/forgexml-scap/cmd/ui/internal/state/xml_state.go:34898.23,34904.9 1 0
github.com/aequo-labs/forgexml-scap/cmd/ui/internal/state/xml_state.go:34905.27,35134.9 1 0
github.com/aequo-labs/forgexml-scap/cmd/ui/internal/state/xml_state.go:35135.24,35364.9 1 0
github.com/aequo-labs/forgexml-scap/cmd/ui/internal/state/xml_state.go:35365.18,35433.9 1 0
github.com/aequo-labs/forgexml-scap/cmd/ui/internal/state/xml_state.go:35434.26,35440.9 1 0
github.com/aequo-labs/forgexml-scap/cmd/ui/internal/state/xml_state.go:35441.19,35447.9 1 0
github.com/aequo-labs/forgexml-scap/cmd/ui/internal/state/xml_state.go:35448.18,35463.9 1 0
github.com/aequo-labs/forgexml-scap/cmd/ui/internal/state/xml_state.go:35464.25,35488.9 1 0
github.com/aequo-labs/forgexml-scap/cmd/ui/internal/state/xml_state.go:35489.29,35626.9 1 0
github.com/aequo-labs/forgexml-scap/cmd/ui/internal/state/xml_state.go:35627.33,35764.9 1 0
github.com/aequo-labs/forgexml-scap/cmd/ui/internal/state/xml_state.go:35765.37,35780.9 1 0
github.com/aequo-labs/forgexml-scap/cmd/ui/internal/state/xml_state.go:35781.30,35796.9 1 0
github.com/aequo-labs/forgexml-scap/cmd/ui/internal/state/xml_state.go:35797.35,35844.9 1 0
github.com/aequo-labs/forgexml-scap/cmd/ui/internal/state/xml_state.go:35845.39,35892.9 1 0
github.com/aequo-labs/forgexml-scap/cmd/ui/internal/state/xml_state.go:35893.43,35899.9 1 0
github.com/aequo-labs/forgexml-scap/cmd/ui/internal/state/xml_state.go:35900.41,35923.9 1 0
github.com/aequo-labs/forgexml-scap/cmd/ui/internal/state/xml_state.go:35924.45,35947.9 1 0
github.com/aequo-labs/forgexml-scap/cmd/ui/internal/state/xml_state.go:35948.44,36023.9 1 0
github.com/aequo-labs/forgexml-scap/cmd/ui/internal/state/xml_state.go:36024.41,36047.9 1 0
github.com/aequo-labs/forgexml-scap/cmd/ui/internal/state/xml_state.go:36048.45,36071.9 1 0
github.com/aequo-labs/forgexml-scap/cmd/ui/internal/state/xml_state.go:36072.41,36078.9 1 0
github.com/aequo-labs/forgexml-scap/cmd/ui/internal/state/xml_state.go:36079.39,36094.9 1 0
github.com/aequo-labs/forgexml-scap/cmd/ui/internal/state/xml_state.go:36095.38,36110.9 1 0
github.com/aequo-labs/forgexml-scap/cmd/ui/internal/state/xml_state.go:36111.38,36126.9 1 0
github.com/aequo-labs/forgexml-scap/cmd/ui/internal/state/xml_state.go:36127.36,36152.9 1 0
github.com/aequo-labs/forgexml-scap/cmd/ui/internal/state/xml_state.go:36153.23,36159.9 1 0
github.com/aequo-labs/forgexml-scap/cmd/ui/internal/state/xml_state.go:36160.22,36166.9 1 0
github.com/aequo-labs/forgexml-scap/cmd/ui/internal/state/xml_state.go:36167.26,36190.9 1 0
github.com/aequo-labs/forgexml-scap/cmd/ui/internal/state/xml_state.go:36191.22,36197.9 1 0
github.com/aequo-labs/forgexml-scap/cmd/ui/internal/state/xml_state.go:36198.16,36204.9 1 0
github.com/aequo-labs/forgexml-scap/cmd/ui/internal/state/xml_state.go:36205.26,36232.9 1 0
github.com/aequo-labs/forgexml-scap/cmd/ui/internal/state/xml_state.go:36233.23,36260.9 1 0
github.com/aequo-labs/forgexml-scap/cmd/ui/internal/state/xml_state.go:36261.27,36267.9 1 0
github.com/aequo-labs/forgexml-scap/cmd/ui/internal/state/xml_state.go:36268.24,36274.9 1 0
github.com/aequo-labs/forgexml-scap/cmd/ui/internal/state/xml_state.go:36275.18,36281.9 1 0
github.com/aequo-labs/forgexml-scap/cmd/ui/internal/state/xml_state.go:36282.28,36288.9 1 0
github.com/aequo-labs/forgexml-scap/cmd/ui/internal/state/xml_state.go:36289.20,36304.9 1 0
github.com/aequo-labs/forgexml-scap/cmd/ui/internal/state/xml_state.go:36305.24,36311.9 1 0
github.com/aequo-labs/forgexml-scap/cmd/ui/internal/state/xml_state.go:36312.22,36465.9 1 0
github.com/aequo-labs/forgexml-scap/cmd/ui/internal/state/xml_state.go:36466.21,36472.9 1 0
github.com/aequo-labs/forgexml-scap/cmd/ui/internal/state/xml_state.go:36473.27,36479.9 1 0
github.com/aequo-labs/forgexml-scap/cmd/ui/internal/state/xml_state.go:36480.19,36486.9 1 0
github.com/aequo-labs/forgexml-scap/cmd/ui/internal/state/xml_state.go:36487.23,36493.9 1 0
github.com/aequo-labs/forgexml-scap/cmd/ui/internal/state/xml_state.go:36494.31,36510.9 1 0
github.com/aequo-labs/forgexml-scap/cmd/ui/internal/state/xml_state.go:36511.25,36561.9 1 0
github.com/aequo-labs/forgexml-scap/cmd/ui/internal/state/xml_state.go:36562.27,36568.9 1 0
github.com/aequo-labs/forgexml-scap/cmd/ui/internal/state/xml_state.go:36569.22,36619.9 1 0
github.com/aequo-labs/forgexml-scap/cmd/ui/internal/state/xml_state.go:36620.23,36626.9 1 0
github.com/aequo-labs/forgexml-scap/cmd/ui/internal/state/xml_state.go:36627.28,36633.9 1 0
github.com/aequo-labs/forgexml-scap/cmd/ui/internal/state/xml_state.go:36634.21,36657.9 1 0
github.com/aequo-labs/forgexml-scap/cmd/ui/internal/state/xml_state.go:36658.33,36664.9 1 0
github.com/aequo-labs/forgexml-scap/cmd/ui/internal/state/xml_state.go:36665.21,36681.9 1 0
github.com/aequo-labs/forgexml-scap/cmd/ui/internal/state/xml_state.go:36682.24,36707.9 1 0
github.com/aequo-labs/forgexml-scap/cmd/ui/internal/state/xml_state.go:36708.21,36733.9 1 0
github.com/aequo-labs/forgexml-scap/cmd/ui/internal/state/xml_state.go:36734.27,36740.9 1 0
github.com/aequo-labs/forgexml-scap/cmd/ui/internal/state/xml_state.go:36741.31,36747.9 1 0
github.com/aequo-labs/forgexml-scap/cmd/ui/internal/state/xml_state.go:36748.20,36754.9 1 0
github.com/aequo-labs/forgexml-scap/cmd/ui/internal/state/xml_state.go:36755.25,36822.9 1 0
github.com/aequo-labs/forgexml-scap/cmd/ui/internal/state/xml_state.go:36823.22,36890.9 1 0
github.com/aequo-labs/forgexml-scap/cmd/ui/internal/state/xml_state.go:36891.30,36918.9 1 0
github.com/aequo-labs/forgexml-scap/cmd/ui/internal/state/xml_state.go:36919.20,36934.9 1 0
github.com/aequo-labs/forgexml-scap/cmd/ui/internal/state/xml_state.go:36935.24,36950.9 1 0
github.com/aequo-labs/forgexml-scap/cmd/ui/internal/state/xml_state.go:36951.20,36966.9 1 0
github.com/aequo-labs/forgexml-scap/cmd/ui/internal/state/xml_state.go:36967.24,36982.9 1 0
github.com/aequo-labs/forgexml-scap/cmd/ui/internal/state/xml_state.go:36983.10,36984.51 1 1
github.com/aequo-labs/forgexml-scap/cmd/ui/internal/state/xml_state.go:36989.84,36990.22 1 1
github.com/aequo-labs/forgexml-scap/cmd/ui/internal/state/xml_state.go:36991.19,36996.9 1 1
github.com/aequo-labs/forgexml-scap/cmd/ui/internal/state/xml_state.go:36997.31,37000.9 1 1
github.com/aequo-labs/forgexml-scap/cmd/ui/internal/state/xml_state.go:37001.30,37012.9 1 1
github.com/aequo-labs/forgexml-scap/cmd/ui/internal/state/xml_state.go:37013.36,37016.9 1 1
github.com/aequo-labs/forgexml-scap/cmd/ui/internal/state/xml_state.go:37017.35,37032.9 1 1
github.com/aequo-labs/forgexml-scap/cmd/ui/internal/state/xml_state.go:37033.21,37043.9 1 1
github.com/aequo-labs/forgexml-scap/cmd/ui/internal/state/xml_state.go:37044.18,37047.9 1 1
github.com/aequo-labs/forgexml-scap/cmd/ui/internal/state/xml_state.go:37048.28,37052.9 1 1
github.com/aequo-labs/forgexml-scap/cmd/ui/internal/state/xml_state.go:37053.10,37055.25 1 1
github.com/aequo-labs/forgexml-scap/cmd/ui/internal/state/xml_state.go:37060.43,37064.2 3 1
github.com/aequo-labs/forgexml-scap/cmd/ui/internal/state/xml_state.go:37067.40,37071.2 3 1
github.com/aequo-labs/forgexml-scap/cmd/ui/internal/state/xml_state.go:37074.51,37078.2 3 1
github.com/aequo-labs/forgexml-scap/cmd/ui/internal/state/xml_state.go:37081.56,37085.2 3 1
github.com/aequo-labs/forgexml-scap/cmd/ui/internal/state/xml_state.go:37088.47,37092.2 3 1
github.com/aequo-labs/forgexml-scap/cmd/ui/internal/state/xml_state.go:37095.36,37103.2 7 1
github.com/aequo-labs/forgexml-scap/cmd/ui/internal/state/xml_state.go:37107.88,37111.26 3 1
github.com/aequo-labs/forgexml-scap/cmd/ui/internal/state/xml_state.go:37111.26,37113.3 1 1
github.com/aequo-labs/forgexml-scap/cmd/ui/internal/state/xml_state.go:37115.2,37117.21 2 1
github.com/aequo-labs/forgexml-scap/cmd/ui/internal/state/xml_state.go:37118.17,37121.59 3 1
github.com/aequo-labs/forgexml-scap/cmd/ui/internal/state/xml_state.go:37122.14,37124.67 2 1
github.com/aequo-labs/forgexml-scap/cmd/ui/internal/state/xml_state.go:37125.10,37127.69 2 1
github.com/aequo-labs/forgexml-scap/cmd/ui/internal/state/xml_state.go:37130.2,37130.25 1 1
github.com/aequo-labs/forgexml-scap/cmd/ui/internal/state/xml_state.go:37134.132,37135.34 1 1
github.com/aequo-labs/forgexml-scap/cmd/ui/internal/state/xml_state.go:37135.34,37137.3 1 0
github.com/aequo-labs/forgexml-scap/cmd/ui/internal/state/xml_state.go:37140.2,37145.33 4 1
github.com/aequo-labs/forgexml-scap/cmd/ui/internal/state/xml_state.go:37145.33,37149.22 4 1
github.com/aequo-labs/forgexml-scap/cmd/ui/internal/state/xml_state.go:37149.22,37151.4 1 1
github.com/aequo-labs/forgexml-scap/cmd/ui/internal/state/xml_state.go:37154.3,37157.73 2 1
github.com/aequo-labs/forgexml-scap/cmd/ui/internal/state/xml_state.go:37162.130,37163.34 1 1
github.com/aequo-labs/forgexml-scap/cmd/ui/internal/state/xml_state.go:37163.34,37165.3 1 0
github.com/aequo-labs/forgexml-scap/cmd/ui/internal/state/xml_state.go:37168.2,37169.16 2 1
github.com/aequo-labs/forgexml-scap/cmd/ui/internal/state/xml_state.go:37169.16,37171.3 1 1
github.com/aequo-labs/forgexml-scap/cmd/ui/internal/state/xml_state.go:37171.8,37173.3 1 1
github.com/aequo-labs/forgexml-scap/cmd/ui/internal/state/xml_state.go:37176.2,37177.33 2 1
github.com/aequo-labs/forgexml-scap/cmd/ui/internal/state/xml_state.go:37177.33,37181.22 4 1
github.com/aequo-labs/forgexml-scap/cmd/ui/internal/state/xml_state.go:37181.22,37183.4 1 1
github.com/aequo-labs/forgexml-scap/cmd/ui/internal/state/xml_state.go:37186.3,37189.71 2 1
github.com/aequo-labs/forgexml-scap/cmd/ui/internal/state/xml_state.go:37194.116,37195.35 1 1
github.com/aequo-labs/forgexml-scap/cmd/ui/internal/state/xml_state.go:37195.35,37197.3 1 0
github.com/aequo-labs/forgexml-scap/cmd/ui/internal/state/xml_state.go:37200.2,37202.30 3 1
github.com/aequo-labs/forgexml-scap/cmd/ui/internal/state/xml_state.go:37202.30,37204.3 1 1
github.com/aequo-labs/forgexml-scap/cmd/ui/internal/state/xml_state.go:37205.2,37209.33 3 1
github.com/aequo-labs/forgexml-scap/cmd/ui/internal/state/xml_state.go:37209.33,37212.22 3 1
github.com/aequo-labs/forgexml-scap/cmd/ui/internal/state/xml_state.go:37212.22,37214.4 1 1
github.com/aequo-labs/forgexml-scap/cmd/ui/internal/state/xml_state.go:37215.3,37215.63 1 1
github.com/aequo-labs/forgexml-scap/cmd/ui/internal/state/xml_state.go:37226.81,37228.20 2 1
github.com/aequo-labs/forgexml-scap/cmd/ui/internal/state/xml_state.go:37228.20,37230.3 1 0
github.com/aequo-labs/forgexml-scap/cmd/ui/internal/state/xml_state.go:37233.2,37234.31 2 1
github.com/aequo-labs/forgexml-scap/cmd/ui/internal/state/xml_state.go:37234.31,37235.18 1 1
github.com/aequo-labs/forgexml-scap/cmd/ui/internal/state/xml_state.go:37235.18,37237.4 1 0
github.com/aequo-labs/forgexml-scap/cmd/ui/internal/state/xml_state.go:37238.3,37238.19 1 1
github.com/aequo-labs/forgexml-scap/cmd/ui/internal/state/xml_state.go:37240.2,37240.34 1 1
github.com/aequo-labs/forgexml-scap/cmd/ui/internal/state/xml_state.go:37240.34,37242.3 1 0
github.com/aequo-labs/forgexml-scap/cmd/ui/internal/state/xml_state.go:37244.2,37245.38 2 1
github.com/aequo-labs/forgexml-scap/cmd/ui/internal/state/xml_state.go:37245.38,37250.30 3 1
github.com/aequo-labs/forgexml-scap/cmd/ui/internal/state/xml_state.go:37250.30,37251.12 1 1
github.com/aequo-labs/forgexml-scap/cmd/ui/internal/state/xml_state.go:37255.3,37255.34 1 1
github.com/aequo-labs/forgexml-scap/cmd/ui/internal/state/xml_state.go:37255.34,37256.12 1 1
github.com/aequo-labs/forgexml-scap/cmd/ui/internal/state/xml_state.go:37260.3,37261.58 2 1
github.com/aequo-labs/forgexml-scap/cmd/ui/internal/state/xml_state.go:37261.58,37262.12 1 1
github.com/aequo-labs/forgexml-scap/cmd/ui/internal/state/xml_state.go:37266.3,37266.36 1 1
github.com/aequo-labs/forgexml-scap/cmd/ui/internal/state/xml_state.go:37266.36,37267.37 1 1
github.com/aequo-labs/forgexml-scap/cmd/ui/internal/state/xml_state.go:37267.37,37269.68 2 0
github.com/aequo-labs/forgexml-scap/cmd/ui/internal/state/xml_state.go:37269.68,37274.6 1 0
github.com/aequo-labs/forgexml-scap/cmd/ui/internal/state/xml_state.go:37276.9,37276.59 1 1
github.com/aequo-labs/forgexml-scap/cmd/ui/internal/state/xml_state.go:37276.59,37282.4 1 0
github.com/aequo-labs/forgexml-scap/cmd/ui/internal/state/xml_state.go:37282.9,37282.75 1 1
github.com/aequo-labs/forgexml-scap/cmd/ui/internal/state/xml_state.go:37282.75,37288.4 1 1
github.com/aequo-labs/forgexml-scap/cmd/ui/internal/state/xml_state.go:37291.2,37291.17 1 1
github.com/aequo-labs/forgexml-scap/cmd/ui/internal/state/xml_state.go:37295.89,37296.20 1 1
github.com/aequo-labs/forgexml-scap/cmd/ui/internal/state/xml_state.go:37296.20,37298.3 1 0
github.com/aequo-labs/forgexml-scap/cmd/ui/internal/state/xml_state.go:37301.2,37302.31 2 1
github.com/aequo-labs/forgexml-scap/cmd/ui/internal/state/xml_state.go:37302.31,37303.18 1 1
github.com/aequo-labs/forgexml-scap/cmd/ui/internal/state/xml_state.go:37303.18,37305.4 1 0
github.com/aequo-labs/forgexml-scap/cmd/ui/internal/state/xml_state.go:37306.3,37306.19 1 1
github.com/aequo-labs/forgexml-scap/cmd/ui/internal/state/xml_state.go:37308.2,37308.34 1 1
github.com/aequo-labs/forgexml-scap/cmd/ui/internal/state/xml_state.go:37308.34,37310.3 1 0
github.com/aequo-labs/forgexml-scap/cmd/ui/internal/state/xml_state.go:37313.2,37313.84 1 1
github.com/aequo-labs/forgexml-scap/cmd/ui/internal/state/xml_state.go:37313.84,37315.80 2 1
github.com/aequo-labs/forgexml-scap/cmd/ui/internal/state/xml_state.go:37315.80,37317.4 1 0
github.com/aequo-labs/forgexml-scap/cmd/ui/internal/state/xml_state.go:37319.3,37319.71 1 1
github.com/aequo-labs/forgexml-scap/cmd/ui/internal/state/xml_state.go:37319.71,37320.69 1 0
github.com/aequo-labs/forgexml-scap/cmd/ui/internal/state/xml_state.go:37320.69,37322.5 1 0
github.com/aequo-labs/forgexml-scap/cmd/ui/internal/state/xml_state.go:37326.2,37326.17 1 1
github.com/aequo-labs/forgexml-scap/cmd/ui/internal/state/xml_state.go:37330.71,37331.20 1 1
github.com/aequo-labs/forgexml-scap/cmd/ui/internal/state/xml_state.go:37331.20,37333.3 1 0
github.com/aequo-labs/forgexml-scap/cmd/ui/internal/state/xml_state.go:37334.2,37335.31 2 1
github.com/aequo-labs/forgexml-scap/cmd/ui/internal/state/xml_state.go:37335.31,37337.3 1 1
github.com/aequo-labs/forgexml-scap/cmd/ui/internal/state/xml_state.go:37338.2,37338.19 1 1
github.com/aequo-labs/forgexml-scap/cmd/ui/internal/state/xml_state.go:37342.35,37348.2 4 1
github.com/aequo-labs/forgexml-scap/cmd/ui/internal/state/xml_state.go:37351.50,37352.22 1 1
github.com/aequo-labs/forgexml-scap/cmd/ui/internal/state/xml_state.go:37352.22,37354.3 1 1
github.com/aequo-labs/forgexml-scap/cmd/ui/internal/state/xml_state.go:37355.2,37355.29 1 1
