mode: set
github.com/aequo-labs/forgexml-scap/internal/generated/gov/nist/scap/schema/reporting-core/1-1/types.go:24.65,33.32 5 0
github.com/aequo-labs/forgexml-scap/internal/generated/gov/nist/scap/schema/reporting-core/1-1/types.go:33.32,34.22 1 0
github.com/aequo-labs/forgexml-scap/internal/generated/gov/nist/scap/schema/reporting-core/1-1/types.go:34.22,41.4 3 0
github.com/aequo-labs/forgexml-scap/internal/generated/gov/nist/scap/schema/reporting-core/1-1/types.go:44.2,44.26 1 0
github.com/aequo-labs/forgexml-scap/internal/generated/gov/nist/scap/schema/reporting-core/1-1/types.go:48.63,55.32 4 0
github.com/aequo-labs/forgexml-scap/internal/generated/gov/nist/scap/schema/reporting-core/1-1/types.go:55.32,56.22 1 0
github.com/aequo-labs/forgexml-scap/internal/generated/gov/nist/scap/schema/reporting-core/1-1/types.go:56.22,60.4 3 0
github.com/aequo-labs/forgexml-scap/internal/generated/gov/nist/scap/schema/reporting-core/1-1/types.go:63.2,63.24 1 0
github.com/aequo-labs/forgexml-scap/internal/generated/gov/nist/scap/schema/reporting-core/1-1/types.go:68.89,70.51 1 0
github.com/aequo-labs/forgexml-scap/internal/generated/gov/nist/scap/schema/reporting-core/1-1/types.go:70.51,74.81 2 0
github.com/aequo-labs/forgexml-scap/internal/generated/gov/nist/scap/schema/reporting-core/1-1/types.go:74.81,78.45 2 0
github.com/aequo-labs/forgexml-scap/internal/generated/gov/nist/scap/schema/reporting-core/1-1/types.go:78.45,84.5 4 0
github.com/aequo-labs/forgexml-scap/internal/generated/gov/nist/scap/schema/reporting-core/1-1/types.go:85.4,86.17 2 0
github.com/aequo-labs/forgexml-scap/internal/generated/gov/nist/scap/schema/reporting-core/1-1/types.go:90.3,90.99 1 0
github.com/aequo-labs/forgexml-scap/internal/generated/gov/nist/scap/schema/reporting-core/1-1/types.go:93.2,93.18 1 0
github.com/aequo-labs/forgexml-scap/internal/generated/gov/nist/scap/schema/reporting-core/1-1/types.go:99.92,100.33 1 0
github.com/aequo-labs/forgexml-scap/internal/generated/gov/nist/scap/schema/reporting-core/1-1/types.go:100.33,104.20 2 0
github.com/aequo-labs/forgexml-scap/internal/generated/gov/nist/scap/schema/reporting-core/1-1/types.go:104.20,106.4 1 0
github.com/aequo-labs/forgexml-scap/internal/generated/gov/nist/scap/schema/reporting-core/1-1/types.go:107.3,112.24 5 0
github.com/aequo-labs/forgexml-scap/internal/generated/gov/nist/scap/schema/reporting-core/1-1/types.go:117.2,118.81 2 0
github.com/aequo-labs/forgexml-scap/internal/generated/gov/nist/scap/schema/reporting-core/1-1/types.go:118.81,121.24 2 0
github.com/aequo-labs/forgexml-scap/internal/generated/gov/nist/scap/schema/reporting-core/1-1/types.go:121.24,123.4 1 0
github.com/aequo-labs/forgexml-scap/internal/generated/gov/nist/scap/schema/reporting-core/1-1/types.go:124.3,126.25 3 0
github.com/aequo-labs/forgexml-scap/internal/generated/gov/nist/scap/schema/reporting-core/1-1/types.go:126.25,128.4 1 0
github.com/aequo-labs/forgexml-scap/internal/generated/gov/nist/scap/schema/reporting-core/1-1/types.go:134.3,136.23 3 0
github.com/aequo-labs/forgexml-scap/internal/generated/gov/nist/scap/schema/reporting-core/1-1/types.go:136.23,141.4 3 0
github.com/aequo-labs/forgexml-scap/internal/generated/gov/nist/scap/schema/reporting-core/1-1/types.go:144.3,145.22 2 0
github.com/aequo-labs/forgexml-scap/internal/generated/gov/nist/scap/schema/reporting-core/1-1/types.go:145.22,147.42 1 0
github.com/aequo-labs/forgexml-scap/internal/generated/gov/nist/scap/schema/reporting-core/1-1/types.go:147.42,150.5 1 0
github.com/aequo-labs/forgexml-scap/internal/generated/gov/nist/scap/schema/reporting-core/1-1/types.go:152.4,152.61 1 0
github.com/aequo-labs/forgexml-scap/internal/generated/gov/nist/scap/schema/reporting-core/1-1/types.go:152.61,156.5 2 0
github.com/aequo-labs/forgexml-scap/internal/generated/gov/nist/scap/schema/reporting-core/1-1/types.go:157.4,157.42 1 0
github.com/aequo-labs/forgexml-scap/internal/generated/gov/nist/scap/schema/reporting-core/1-1/types.go:161.3,163.41 3 0
github.com/aequo-labs/forgexml-scap/internal/generated/gov/nist/scap/schema/reporting-core/1-1/types.go:166.2,166.15 1 0
github.com/aequo-labs/forgexml-scap/internal/generated/gov/nist/scap/schema/reporting-core/1-1/types.go:24.65,33.32 5 0
github.com/aequo-labs/forgexml-scap/internal/generated/gov/nist/scap/schema/reporting-core/1-1/types.go:33.32,34.22 1 0
github.com/aequo-labs/forgexml-scap/internal/generated/gov/nist/scap/schema/reporting-core/1-1/types.go:34.22,41.4 3 0
github.com/aequo-labs/forgexml-scap/internal/generated/gov/nist/scap/schema/reporting-core/1-1/types.go:44.2,44.26 1 0
github.com/aequo-labs/forgexml-scap/internal/generated/gov/nist/scap/schema/reporting-core/1-1/types.go:48.63,55.32 4 0
github.com/aequo-labs/forgexml-scap/internal/generated/gov/nist/scap/schema/reporting-core/1-1/types.go:55.32,56.22 1 0
github.com/aequo-labs/forgexml-scap/internal/generated/gov/nist/scap/schema/reporting-core/1-1/types.go:56.22,60.4 3 0
github.com/aequo-labs/forgexml-scap/internal/generated/gov/nist/scap/schema/reporting-core/1-1/types.go:63.2,63.24 1 0
github.com/aequo-labs/forgexml-scap/internal/generated/gov/nist/scap/schema/reporting-core/1-1/types.go:68.89,70.51 1 0
github.com/aequo-labs/forgexml-scap/internal/generated/gov/nist/scap/schema/reporting-core/1-1/types.go:70.51,74.81 2 0
github.com/aequo-labs/forgexml-scap/internal/generated/gov/nist/scap/schema/reporting-core/1-1/types.go:74.81,78.45 2 0
github.com/aequo-labs/forgexml-scap/internal/generated/gov/nist/scap/schema/reporting-core/1-1/types.go:78.45,84.5 4 0
github.com/aequo-labs/forgexml-scap/internal/generated/gov/nist/scap/schema/reporting-core/1-1/types.go:85.4,86.17 2 0
github.com/aequo-labs/forgexml-scap/internal/generated/gov/nist/scap/schema/reporting-core/1-1/types.go:90.3,90.99 1 0
github.com/aequo-labs/forgexml-scap/internal/generated/gov/nist/scap/schema/reporting-core/1-1/types.go:93.2,93.18 1 0
github.com/aequo-labs/forgexml-scap/internal/generated/gov/nist/scap/schema/reporting-core/1-1/types.go:99.92,100.33 1 0
github.com/aequo-labs/forgexml-scap/internal/generated/gov/nist/scap/schema/reporting-core/1-1/types.go:100.33,104.20 2 0
github.com/aequo-labs/forgexml-scap/internal/generated/gov/nist/scap/schema/reporting-core/1-1/types.go:104.20,106.4 1 0
github.com/aequo-labs/forgexml-scap/internal/generated/gov/nist/scap/schema/reporting-core/1-1/types.go:107.3,112.24 5 0
github.com/aequo-labs/forgexml-scap/internal/generated/gov/nist/scap/schema/reporting-core/1-1/types.go:117.2,118.81 2 0
github.com/aequo-labs/forgexml-scap/internal/generated/gov/nist/scap/schema/reporting-core/1-1/types.go:118.81,121.24 2 0
github.com/aequo-labs/forgexml-scap/internal/generated/gov/nist/scap/schema/reporting-core/1-1/types.go:121.24,123.4 1 0
github.com/aequo-labs/forgexml-scap/internal/generated/gov/nist/scap/schema/reporting-core/1-1/types.go:124.3,126.25 3 0
github.com/aequo-labs/forgexml-scap/internal/generated/gov/nist/scap/schema/reporting-core/1-1/types.go:126.25,128.4 1 0
github.com/aequo-labs/forgexml-scap/internal/generated/gov/nist/scap/schema/reporting-core/1-1/types.go:134.3,136.23 3 0
github.com/aequo-labs/forgexml-scap/internal/generated/gov/nist/scap/schema/reporting-core/1-1/types.go:136.23,141.4 3 0
github.com/aequo-labs/forgexml-scap/internal/generated/gov/nist/scap/schema/reporting-core/1-1/types.go:144.3,145.22 2 0
github.com/aequo-labs/forgexml-scap/internal/generated/gov/nist/scap/schema/reporting-core/1-1/types.go:145.22,147.42 1 0
github.com/aequo-labs/forgexml-scap/internal/generated/gov/nist/scap/schema/reporting-core/1-1/types.go:147.42,150.5 1 0
github.com/aequo-labs/forgexml-scap/internal/generated/gov/nist/scap/schema/reporting-core/1-1/types.go:152.4,152.61 1 0
github.com/aequo-labs/forgexml-scap/internal/generated/gov/nist/scap/schema/reporting-core/1-1/types.go:152.61,156.5 2 0
github.com/aequo-labs/forgexml-scap/internal/generated/gov/nist/scap/schema/reporting-core/1-1/types.go:157.4,157.42 1 0
github.com/aequo-labs/forgexml-scap/internal/generated/gov/nist/scap/schema/reporting-core/1-1/types.go:161.3,163.41 3 0
github.com/aequo-labs/forgexml-scap/internal/generated/gov/nist/scap/schema/reporting-core/1-1/types.go:166.2,166.15 1 0
github.com/aequo-labs/forgexml-scap/internal/generated/gov/nist/scap/schema/reporting-core/1-1/types.go:24.65,33.32 5 0
github.com/aequo-labs/forgexml-scap/internal/generated/gov/nist/scap/schema/reporting-core/1-1/types.go:33.32,34.22 1 0
github.com/aequo-labs/forgexml-scap/internal/generated/gov/nist/scap/schema/reporting-core/1-1/types.go:34.22,41.4 3 0
github.com/aequo-labs/forgexml-scap/internal/generated/gov/nist/scap/schema/reporting-core/1-1/types.go:44.2,44.26 1 0
github.com/aequo-labs/forgexml-scap/internal/generated/gov/nist/scap/schema/reporting-core/1-1/types.go:48.63,55.32 4 0
github.com/aequo-labs/forgexml-scap/internal/generated/gov/nist/scap/schema/reporting-core/1-1/types.go:55.32,56.22 1 0
github.com/aequo-labs/forgexml-scap/internal/generated/gov/nist/scap/schema/reporting-core/1-1/types.go:56.22,60.4 3 0
github.com/aequo-labs/forgexml-scap/internal/generated/gov/nist/scap/schema/reporting-core/1-1/types.go:63.2,63.24 1 0
github.com/aequo-labs/forgexml-scap/internal/generated/gov/nist/scap/schema/reporting-core/1-1/types.go:68.89,70.51 1 0
github.com/aequo-labs/forgexml-scap/internal/generated/gov/nist/scap/schema/reporting-core/1-1/types.go:70.51,74.81 2 0
github.com/aequo-labs/forgexml-scap/internal/generated/gov/nist/scap/schema/reporting-core/1-1/types.go:74.81,78.45 2 0
github.com/aequo-labs/forgexml-scap/internal/generated/gov/nist/scap/schema/reporting-core/1-1/types.go:78.45,84.5 4 0
github.com/aequo-labs/forgexml-scap/internal/generated/gov/nist/scap/schema/reporting-core/1-1/types.go:85.4,86.17 2 0
github.com/aequo-labs/forgexml-scap/internal/generated/gov/nist/scap/schema/reporting-core/1-1/types.go:90.3,90.99 1 0
github.com/aequo-labs/forgexml-scap/internal/generated/gov/nist/scap/schema/reporting-core/1-1/types.go:93.2,93.18 1 0
github.com/aequo-labs/forgexml-scap/internal/generated/gov/nist/scap/schema/reporting-core/1-1/types.go:99.92,100.33 1 0
github.com/aequo-labs/forgexml-scap/internal/generated/gov/nist/scap/schema/reporting-core/1-1/types.go:100.33,104.20 2 0
github.com/aequo-labs/forgexml-scap/internal/generated/gov/nist/scap/schema/reporting-core/1-1/types.go:104.20,106.4 1 0
github.com/aequo-labs/forgexml-scap/internal/generated/gov/nist/scap/schema/reporting-core/1-1/types.go:107.3,112.24 5 0
github.com/aequo-labs/forgexml-scap/internal/generated/gov/nist/scap/schema/reporting-core/1-1/types.go:117.2,118.81 2 0
github.com/aequo-labs/forgexml-scap/internal/generated/gov/nist/scap/schema/reporting-core/1-1/types.go:118.81,121.24 2 0
github.com/aequo-labs/forgexml-scap/internal/generated/gov/nist/scap/schema/reporting-core/1-1/types.go:121.24,123.4 1 0
github.com/aequo-labs/forgexml-scap/internal/generated/gov/nist/scap/schema/reporting-core/1-1/types.go:124.3,126.25 3 0
github.com/aequo-labs/forgexml-scap/internal/generated/gov/nist/scap/schema/reporting-core/1-1/types.go:126.25,128.4 1 0
github.com/aequo-labs/forgexml-scap/internal/generated/gov/nist/scap/schema/reporting-core/1-1/types.go:134.3,136.23 3 0
github.com/aequo-labs/forgexml-scap/internal/generated/gov/nist/scap/schema/reporting-core/1-1/types.go:136.23,141.4 3 0
github.com/aequo-labs/forgexml-scap/internal/generated/gov/nist/scap/schema/reporting-core/1-1/types.go:144.3,145.22 2 0
github.com/aequo-labs/forgexml-scap/internal/generated/gov/nist/scap/schema/reporting-core/1-1/types.go:145.22,147.42 1 0
github.com/aequo-labs/forgexml-scap/internal/generated/gov/nist/scap/schema/reporting-core/1-1/types.go:147.42,150.5 1 0
github.com/aequo-labs/forgexml-scap/internal/generated/gov/nist/scap/schema/reporting-core/1-1/types.go:152.4,152.61 1 0
github.com/aequo-labs/forgexml-scap/internal/generated/gov/nist/scap/schema/reporting-core/1-1/types.go:152.61,156.5 2 0
github.com/aequo-labs/forgexml-scap/internal/generated/gov/nist/scap/schema/reporting-core/1-1/types.go:157.4,157.42 1 0
github.com/aequo-labs/forgexml-scap/internal/generated/gov/nist/scap/schema/reporting-core/1-1/types.go:161.3,163.41 3 0
github.com/aequo-labs/forgexml-scap/internal/generated/gov/nist/scap/schema/reporting-core/1-1/types.go:166.2,166.15 1 0
