mode: set
github.com/aequo-labs/forgexml-scap/cmd/ui/internal/handlers/handlers.go:26.103,32.2 1 1
github.com/aequo-labs/forgexml-scap/cmd/ui/internal/handlers/handlers.go:41.71,49.2 4 0
github.com/aequo-labs/forgexml-scap/cmd/ui/internal/handlers/handlers.go:52.75,56.2 3 0
github.com/aequo-labs/forgexml-scap/cmd/ui/internal/handlers/handlers.go:59.78,61.16 2 1
github.com/aequo-labs/forgexml-scap/cmd/ui/internal/handlers/handlers.go:61.16,64.3 2 1
github.com/aequo-labs/forgexml-scap/cmd/ui/internal/handlers/handlers.go:66.2,68.54 3 0
github.com/aequo-labs/forgexml-scap/cmd/ui/internal/handlers/handlers.go:72.80,74.20 2 1
github.com/aequo-labs/forgexml-scap/cmd/ui/internal/handlers/handlers.go:74.20,77.3 2 1
github.com/aequo-labs/forgexml-scap/cmd/ui/internal/handlers/handlers.go:79.2,81.54 3 0
github.com/aequo-labs/forgexml-scap/cmd/ui/internal/handlers/handlers.go:85.77,89.2 3 0
github.com/aequo-labs/forgexml-scap/cmd/ui/internal/handlers/handlers.go:94.75,96.16 2 1
github.com/aequo-labs/forgexml-scap/cmd/ui/internal/handlers/handlers.go:96.16,99.3 2 0
github.com/aequo-labs/forgexml-scap/cmd/ui/internal/handlers/handlers.go:100.2,100.26 1 1
github.com/aequo-labs/forgexml-scap/cmd/ui/internal/handlers/handlers.go:104.79,106.16 2 1
github.com/aequo-labs/forgexml-scap/cmd/ui/internal/handlers/handlers.go:106.16,109.3 2 1
github.com/aequo-labs/forgexml-scap/cmd/ui/internal/handlers/handlers.go:111.2,112.16 2 1
github.com/aequo-labs/forgexml-scap/cmd/ui/internal/handlers/handlers.go:112.16,115.3 2 0
github.com/aequo-labs/forgexml-scap/cmd/ui/internal/handlers/handlers.go:116.2,116.26 1 1
github.com/aequo-labs/forgexml-scap/cmd/ui/internal/handlers/handlers.go:120.78,122.16 2 1
github.com/aequo-labs/forgexml-scap/cmd/ui/internal/handlers/handlers.go:122.16,125.3 2 1
github.com/aequo-labs/forgexml-scap/cmd/ui/internal/handlers/handlers.go:127.2,128.16 2 1
github.com/aequo-labs/forgexml-scap/cmd/ui/internal/handlers/handlers.go:128.16,131.3 2 1
github.com/aequo-labs/forgexml-scap/cmd/ui/internal/handlers/handlers.go:132.2,132.28 1 0
github.com/aequo-labs/forgexml-scap/cmd/ui/internal/handlers/handlers.go:138.79,140.20 2 1
github.com/aequo-labs/forgexml-scap/cmd/ui/internal/handlers/handlers.go:140.20,143.3 2 1
github.com/aequo-labs/forgexml-scap/cmd/ui/internal/handlers/handlers.go:145.2,146.16 2 1
github.com/aequo-labs/forgexml-scap/cmd/ui/internal/handlers/handlers.go:146.16,149.3 2 0
github.com/aequo-labs/forgexml-scap/cmd/ui/internal/handlers/handlers.go:150.2,150.29 1 1
github.com/aequo-labs/forgexml-scap/cmd/ui/internal/handlers/handlers.go:154.77,156.16 2 1
github.com/aequo-labs/forgexml-scap/cmd/ui/internal/handlers/handlers.go:156.16,159.3 2 1
github.com/aequo-labs/forgexml-scap/cmd/ui/internal/handlers/handlers.go:161.2,162.16 2 1
github.com/aequo-labs/forgexml-scap/cmd/ui/internal/handlers/handlers.go:162.16,165.3 2 1
github.com/aequo-labs/forgexml-scap/cmd/ui/internal/handlers/handlers.go:166.2,166.28 1 1
github.com/aequo-labs/forgexml-scap/cmd/ui/internal/handlers/handlers.go:170.83,177.61 2 1
github.com/aequo-labs/forgexml-scap/cmd/ui/internal/handlers/handlers.go:177.61,180.3 2 1
github.com/aequo-labs/forgexml-scap/cmd/ui/internal/handlers/handlers.go:182.2,183.16 2 1
github.com/aequo-labs/forgexml-scap/cmd/ui/internal/handlers/handlers.go:183.16,186.3 2 0
github.com/aequo-labs/forgexml-scap/cmd/ui/internal/handlers/handlers.go:188.2,188.52 1 1
github.com/aequo-labs/forgexml-scap/cmd/ui/internal/handlers/handlers.go:192.80,194.16 2 1
github.com/aequo-labs/forgexml-scap/cmd/ui/internal/handlers/handlers.go:194.16,197.3 2 1
github.com/aequo-labs/forgexml-scap/cmd/ui/internal/handlers/handlers.go:199.2,200.62 2 1
github.com/aequo-labs/forgexml-scap/cmd/ui/internal/handlers/handlers.go:200.62,203.3 2 1
github.com/aequo-labs/forgexml-scap/cmd/ui/internal/handlers/handlers.go:205.2,205.58 1 1
github.com/aequo-labs/forgexml-scap/cmd/ui/internal/handlers/handlers.go:205.58,208.3 2 1
github.com/aequo-labs/forgexml-scap/cmd/ui/internal/handlers/handlers.go:210.2,210.59 1 1
github.com/aequo-labs/forgexml-scap/cmd/ui/internal/handlers/handlers.go:214.80,216.16 2 1
github.com/aequo-labs/forgexml-scap/cmd/ui/internal/handlers/handlers.go:216.16,219.3 2 1
github.com/aequo-labs/forgexml-scap/cmd/ui/internal/handlers/handlers.go:221.2,221.52 1 1
github.com/aequo-labs/forgexml-scap/cmd/ui/internal/handlers/handlers.go:221.52,224.3 2 1
github.com/aequo-labs/forgexml-scap/cmd/ui/internal/handlers/handlers.go:226.2,226.59 1 1
github.com/aequo-labs/forgexml-scap/cmd/ui/internal/handlers/handlers.go:232.73,233.55 1 1
github.com/aequo-labs/forgexml-scap/cmd/ui/internal/handlers/handlers.go:233.55,236.3 2 1
github.com/aequo-labs/forgexml-scap/cmd/ui/internal/handlers/handlers.go:238.2,239.16 2 1
github.com/aequo-labs/forgexml-scap/cmd/ui/internal/handlers/handlers.go:239.16,242.3 2 0
github.com/aequo-labs/forgexml-scap/cmd/ui/internal/handlers/handlers.go:243.2,246.16 3 1
github.com/aequo-labs/forgexml-scap/cmd/ui/internal/handlers/handlers.go:246.16,249.3 2 0
github.com/aequo-labs/forgexml-scap/cmd/ui/internal/handlers/handlers.go:251.2,251.72 1 1
github.com/aequo-labs/forgexml-scap/cmd/ui/internal/handlers/handlers.go:251.72,254.3 2 1
github.com/aequo-labs/forgexml-scap/cmd/ui/internal/handlers/handlers.go:256.2,259.4 1 1
github.com/aequo-labs/forgexml-scap/cmd/ui/internal/handlers/handlers.go:263.73,265.16 2 1
github.com/aequo-labs/forgexml-scap/cmd/ui/internal/handlers/handlers.go:265.16,268.3 2 1
github.com/aequo-labs/forgexml-scap/cmd/ui/internal/handlers/handlers.go:270.2,272.18 3 1
github.com/aequo-labs/forgexml-scap/cmd/ui/internal/handlers/handlers.go:276.80,278.16 2 1
github.com/aequo-labs/forgexml-scap/cmd/ui/internal/handlers/handlers.go:278.16,281.3 2 1
github.com/aequo-labs/forgexml-scap/cmd/ui/internal/handlers/handlers.go:283.2,284.18 2 1
github.com/aequo-labs/forgexml-scap/cmd/ui/internal/handlers/handlers.go:288.75,290.16 2 1
github.com/aequo-labs/forgexml-scap/cmd/ui/internal/handlers/handlers.go:290.16,293.3 2 0
github.com/aequo-labs/forgexml-scap/cmd/ui/internal/handlers/handlers.go:295.2,298.4 1 1
github.com/aequo-labs/forgexml-scap/cmd/ui/internal/handlers/handlers.go:304.76,307.2 2 1
github.com/aequo-labs/forgexml-scap/cmd/ui/internal/handlers/handlers.go:310.74,312.16 2 1
github.com/aequo-labs/forgexml-scap/cmd/ui/internal/handlers/handlers.go:312.16,315.3 2 1
github.com/aequo-labs/forgexml-scap/cmd/ui/internal/handlers/handlers.go:317.2,318.16 2 1
github.com/aequo-labs/forgexml-scap/cmd/ui/internal/handlers/handlers.go:318.16,321.3 2 0
github.com/aequo-labs/forgexml-scap/cmd/ui/internal/handlers/handlers.go:322.2,322.29 1 1
github.com/aequo-labs/forgexml-scap/cmd/ui/internal/handlers/handlers.go:326.83,328.16 2 1
github.com/aequo-labs/forgexml-scap/cmd/ui/internal/handlers/handlers.go:328.16,331.3 2 1
github.com/aequo-labs/forgexml-scap/cmd/ui/internal/handlers/handlers.go:333.2,334.16 2 1
github.com/aequo-labs/forgexml-scap/cmd/ui/internal/handlers/handlers.go:334.16,337.3 2 0
github.com/aequo-labs/forgexml-scap/cmd/ui/internal/handlers/handlers.go:338.2,338.26 1 1
github.com/aequo-labs/forgexml-scap/cmd/ui/internal/handlers/handlers.go:342.85,344.16 2 1
github.com/aequo-labs/forgexml-scap/cmd/ui/internal/handlers/handlers.go:344.16,347.3 2 1
github.com/aequo-labs/forgexml-scap/cmd/ui/internal/handlers/handlers.go:349.2,350.26 2 1
github.com/aequo-labs/forgexml-scap/cmd/ui/internal/handlers/handlers.go:354.79,357.2 2 1
github.com/aequo-labs/forgexml-scap/cmd/ui/internal/handlers/handlers.go:360.73,365.2 1 1
github.com/aequo-labs/forgexml-scap/cmd/ui/internal/handlers/handlers.go:368.82,370.23 2 1
github.com/aequo-labs/forgexml-scap/cmd/ui/internal/handlers/handlers.go:370.23,372.3 1 1
github.com/aequo-labs/forgexml-scap/cmd/ui/internal/handlers/handlers.go:374.2,375.16 2 1
github.com/aequo-labs/forgexml-scap/cmd/ui/internal/handlers/handlers.go:375.16,378.3 2 1
github.com/aequo-labs/forgexml-scap/cmd/ui/internal/handlers/handlers.go:380.2,383.4 1 0
github.com/aequo-labs/forgexml-scap/cmd/ui/internal/handlers/handlers.go:388.74,391.2 2 1
github.com/aequo-labs/forgexml-scap/cmd/ui/internal/handlers/handlers.go:393.92,398.16 4 1
github.com/aequo-labs/forgexml-scap/cmd/ui/internal/handlers/handlers.go:398.16,400.3 1 1
github.com/aequo-labs/forgexml-scap/cmd/ui/internal/handlers/handlers.go:401.2,401.37 1 1
